{"C:\\Users\\b-tho\\Documents\\Workspace\\tl-stratlas\\react-leaflet\\src\\AttributionControl.js": {"path":"C:\\Users\\b-tho\\Documents\\Workspace\\tl-stratlas\\react-leaflet\\src\\AttributionControl.js","statementMap":{"0":{"start":{"line":16,"column":4},"end":{"line":16,"column":41}}},"fnMap":{"0":{"name":"(anonymous_0)","decl":{"start":{"line":15,"column":2},"end":{"line":15,"column":3}},"loc":{"start":{"line":15,"column":53},"end":{"line":17,"column":3}},"line":15}},"branchMap":{},"s":{"0":0},"f":{"0":0},"b":{},"_coverageSchema":"43e27e138ebf9cfc5966b082cf9a028302ed4184","hash":"5c329467a46bcd9d3fd950150e734d3f90cd45d7"}
,"C:\\Users\\b-tho\\Documents\\Workspace\\tl-stratlas\\react-leaflet\\src\\Circle.js": {"path":"C:\\Users\\b-tho\\Documents\\Workspace\\tl-stratlas\\react-leaflet\\src\\Circle.js","statementMap":{"0":{"start":{"line":19,"column":43},"end":{"line":19,"column":48}},"1":{"start":{"line":20,"column":4},"end":{"line":20,"column":70}},"2":{"start":{"line":24,"column":4},"end":{"line":26,"column":5}},"3":{"start":{"line":25,"column":6},"end":{"line":25,"column":51}},"4":{"start":{"line":27,"column":4},"end":{"line":29,"column":5}},"5":{"start":{"line":28,"column":6},"end":{"line":28,"column":51}}},"fnMap":{"0":{"name":"(anonymous_0)","decl":{"start":{"line":18,"column":2},"end":{"line":18,"column":3}},"loc":{"start":{"line":18,"column":53},"end":{"line":21,"column":3}},"line":18},"1":{"name":"(anonymous_1)","decl":{"start":{"line":23,"column":2},"end":{"line":23,"column":3}},"loc":{"start":{"line":23,"column":57},"end":{"line":30,"column":3}},"line":23}},"branchMap":{"0":{"loc":{"start":{"line":24,"column":4},"end":{"line":26,"column":5}},"type":"if","locations":[{"start":{"line":24,"column":4},"end":{"line":26,"column":5}},{"start":{"line":24,"column":4},"end":{"line":26,"column":5}}],"line":24},"1":{"loc":{"start":{"line":27,"column":4},"end":{"line":29,"column":5}},"type":"if","locations":[{"start":{"line":27,"column":4},"end":{"line":29,"column":5}},{"start":{"line":27,"column":4},"end":{"line":29,"column":5}}],"line":27}},"s":{"0":0,"1":0,"2":0,"3":0,"4":0,"5":0},"f":{"0":0,"1":0},"b":{"0":[0,0],"1":[0,0]},"_coverageSchema":"43e27e138ebf9cfc5966b082cf9a028302ed4184","hash":"aa03d40f672ecdad761d8108d320db74d8dae03f"}
,"C:\\Users\\b-tho\\Documents\\Workspace\\tl-stratlas\\react-leaflet\\src\\CircleMarker.js": {"path":"C:\\Users\\b-tho\\Documents\\Workspace\\tl-stratlas\\react-leaflet\\src\\CircleMarker.js","statementMap":{"0":{"start":{"line":17,"column":15},"end":{"line":17,"column":76}},"1":{"start":{"line":18,"column":4},"end":{"line":18,"column":64}},"2":{"start":{"line":19,"column":4},"end":{"line":19,"column":13}},"3":{"start":{"line":23,"column":4},"end":{"line":25,"column":5}},"4":{"start":{"line":24,"column":6},"end":{"line":24,"column":51}},"5":{"start":{"line":26,"column":4},"end":{"line":28,"column":5}},"6":{"start":{"line":27,"column":6},"end":{"line":27,"column":51}}},"fnMap":{"0":{"name":"(anonymous_0)","decl":{"start":{"line":16,"column":2},"end":{"line":16,"column":3}},"loc":{"start":{"line":16,"column":53},"end":{"line":20,"column":3}},"line":16},"1":{"name":"(anonymous_1)","decl":{"start":{"line":22,"column":2},"end":{"line":22,"column":3}},"loc":{"start":{"line":22,"column":57},"end":{"line":29,"column":3}},"line":22}},"branchMap":{"0":{"loc":{"start":{"line":23,"column":4},"end":{"line":25,"column":5}},"type":"if","locations":[{"start":{"line":23,"column":4},"end":{"line":25,"column":5}},{"start":{"line":23,"column":4},"end":{"line":25,"column":5}}],"line":23},"1":{"loc":{"start":{"line":26,"column":4},"end":{"line":28,"column":5}},"type":"if","locations":[{"start":{"line":26,"column":4},"end":{"line":28,"column":5}},{"start":{"line":26,"column":4},"end":{"line":28,"column":5}}],"line":26}},"s":{"0":0,"1":0,"2":0,"3":0,"4":0,"5":0,"6":0},"f":{"0":0,"1":0},"b":{"0":[0,0],"1":[0,0]},"_coverageSchema":"43e27e138ebf9cfc5966b082cf9a028302ed4184","hash":"29cf6a852e6205084201518097703d31b14ff93e"}
,"C:\\Users\\b-tho\\Documents\\Workspace\\tl-stratlas\\react-leaflet\\src\\DivOverlay.js": {"path":"C:\\Users\\b-tho\\Documents\\Workspace\\tl-stratlas\\react-leaflet\\src\\DivOverlay.js","statementMap":{"0":{"start":{"line":21,"column":4},"end":{"line":21,"column":16}},"1":{"start":{"line":22,"column":4},"end":{"line":22,"column":58}},"2":{"start":{"line":26,"column":4},"end":{"line":26,"column":65}},"3":{"start":{"line":32,"column":4},"end":{"line":36,"column":5}},"4":{"start":{"line":38,"column":4},"end":{"line":38,"column":52}},"5":{"start":{"line":40,"column":4},"end":{"line":43,"column":5}},"6":{"start":{"line":41,"column":6},"end":{"line":41,"column":34}},"7":{"start":{"line":42,"column":6},"end":{"line":42,"column":21}},"8":{"start":{"line":46,"column":12},"end":{"line":50,"column":3}},"9":{"start":{"line":47,"column":4},"end":{"line":49,"column":5}},"10":{"start":{"line":48,"column":6},"end":{"line":48,"column":26}},"11":{"start":{"line":52,"column":11},"end":{"line":57,"column":3}},"12":{"start":{"line":53,"column":4},"end":{"line":53,"column":22}},"13":{"start":{"line":54,"column":4},"end":{"line":56,"column":5}},"14":{"start":{"line":55,"column":6},"end":{"line":55,"column":25}},"15":{"start":{"line":62,"column":4},"end":{"line":64,"column":5}},"16":{"start":{"line":63,"column":6},"end":{"line":63,"column":80}},"17":{"start":{"line":65,"column":4},"end":{"line":65,"column":15}}},"fnMap":{"0":{"name":"(anonymous_0)","decl":{"start":{"line":20,"column":2},"end":{"line":20,"column":3}},"loc":{"start":{"line":20,"column":28},"end":{"line":23,"column":3}},"line":20},"1":{"name":"(anonymous_1)","decl":{"start":{"line":25,"column":2},"end":{"line":25,"column":3}},"loc":{"start":{"line":25,"column":38},"end":{"line":27,"column":3}},"line":25},"2":{"name":"(anonymous_2)","decl":{"start":{"line":29,"column":2},"end":{"line":29,"column":3}},"loc":{"start":{"line":29,"column":57},"end":{"line":29,"column":59}},"line":29},"3":{"name":"(anonymous_3)","decl":{"start":{"line":31,"column":2},"end":{"line":31,"column":3}},"loc":{"start":{"line":31,"column":39},"end":{"line":44,"column":3}},"line":31},"4":{"name":"(anonymous_4)","decl":{"start":{"line":46,"column":12},"end":{"line":46,"column":13}},"loc":{"start":{"line":46,"column":18},"end":{"line":50,"column":3}},"line":46},"5":{"name":"(anonymous_5)","decl":{"start":{"line":52,"column":11},"end":{"line":52,"column":12}},"loc":{"start":{"line":52,"column":17},"end":{"line":57,"column":3}},"line":52},"6":{"name":"(anonymous_6)","decl":{"start":{"line":59,"column":2},"end":{"line":59,"column":3}},"loc":{"start":{"line":59,"column":13},"end":{"line":59,"column":15}},"line":59},"7":{"name":"(anonymous_7)","decl":{"start":{"line":61,"column":2},"end":{"line":61,"column":3}},"loc":{"start":{"line":61,"column":11},"end":{"line":66,"column":3}},"line":61}},"branchMap":{"0":{"loc":{"start":{"line":40,"column":4},"end":{"line":43,"column":5}},"type":"if","locations":[{"start":{"line":40,"column":4},"end":{"line":43,"column":5}},{"start":{"line":40,"column":4},"end":{"line":43,"column":5}}],"line":40},"1":{"loc":{"start":{"line":47,"column":4},"end":{"line":49,"column":5}},"type":"if","locations":[{"start":{"line":47,"column":4},"end":{"line":49,"column":5}},{"start":{"line":47,"column":4},"end":{"line":49,"column":5}}],"line":47},"2":{"loc":{"start":{"line":54,"column":4},"end":{"line":56,"column":5}},"type":"if","locations":[{"start":{"line":54,"column":4},"end":{"line":56,"column":5}},{"start":{"line":54,"column":4},"end":{"line":56,"column":5}}],"line":54},"3":{"loc":{"start":{"line":62,"column":4},"end":{"line":64,"column":5}},"type":"if","locations":[{"start":{"line":62,"column":4},"end":{"line":64,"column":5}},{"start":{"line":62,"column":4},"end":{"line":64,"column":5}}],"line":62}},"s":{"0":2,"1":2,"2":0,"3":0,"4":0,"5":0,"6":0,"7":0,"8":2,"9":0,"10":0,"11":2,"12":0,"13":0,"14":0,"15":2,"16":0,"17":2},"f":{"0":2,"1":0,"2":0,"3":0,"4":0,"5":0,"6":0,"7":2},"b":{"0":[0,0],"1":[0,0],"2":[0,0],"3":[0,2]},"_coverageSchema":"43e27e138ebf9cfc5966b082cf9a028302ed4184","hash":"b2c81daaaf53a6e36fb8caf6a83f50c92ed654e6"}
,"C:\\Users\\b-tho\\Documents\\Workspace\\tl-stratlas\\react-leaflet\\src\\FeatureGroup.js": {"path":"C:\\Users\\b-tho\\Documents\\Workspace\\tl-stratlas\\react-leaflet\\src\\FeatureGroup.js","statementMap":{"0":{"start":{"line":14,"column":15},"end":{"line":14,"column":62}},"1":{"start":{"line":15,"column":4},"end":{"line":19,"column":5}},"2":{"start":{"line":20,"column":4},"end":{"line":20,"column":13}},"3":{"start":{"line":24,"column":4},"end":{"line":24,"column":29}},"4":{"start":{"line":25,"column":4},"end":{"line":25,"column":29}}},"fnMap":{"0":{"name":"(anonymous_0)","decl":{"start":{"line":13,"column":2},"end":{"line":13,"column":3}},"loc":{"start":{"line":13,"column":53},"end":{"line":21,"column":3}},"line":13},"1":{"name":"(anonymous_1)","decl":{"start":{"line":23,"column":2},"end":{"line":23,"column":3}},"loc":{"start":{"line":23,"column":22},"end":{"line":26,"column":3}},"line":23}},"branchMap":{},"s":{"0":0,"1":0,"2":0,"3":0,"4":0},"f":{"0":0,"1":0},"b":{},"_coverageSchema":"43e27e138ebf9cfc5966b082cf9a028302ed4184","hash":"5c83e2d98285fdd09fd03da0c197a3add8819ad0"}
,"C:\\Users\\b-tho\\Documents\\Workspace\\tl-stratlas\\react-leaflet\\src\\GeoJSON.js": {"path":"C:\\Users\\b-tho\\Documents\\Workspace\\tl-stratlas\\react-leaflet\\src\\GeoJSON.js","statementMap":{"0":{"start":{"line":24,"column":4},"end":{"line":24,"column":65}},"1":{"start":{"line":28,"column":4},"end":{"line":32,"column":5}},"2":{"start":{"line":29,"column":6},"end":{"line":29,"column":34}},"3":{"start":{"line":31,"column":6},"end":{"line":31,"column":48}}},"fnMap":{"0":{"name":"(anonymous_0)","decl":{"start":{"line":23,"column":2},"end":{"line":23,"column":3}},"loc":{"start":{"line":23,"column":53},"end":{"line":25,"column":3}},"line":23},"1":{"name":"(anonymous_1)","decl":{"start":{"line":27,"column":2},"end":{"line":27,"column":3}},"loc":{"start":{"line":27,"column":57},"end":{"line":33,"column":3}},"line":27}},"branchMap":{"0":{"loc":{"start":{"line":28,"column":4},"end":{"line":32,"column":5}},"type":"if","locations":[{"start":{"line":28,"column":4},"end":{"line":32,"column":5}},{"start":{"line":28,"column":4},"end":{"line":32,"column":5}}],"line":28}},"s":{"0":0,"1":0,"2":0,"3":0},"f":{"0":0,"1":0},"b":{"0":[0,0]},"_coverageSchema":"43e27e138ebf9cfc5966b082cf9a028302ed4184","hash":"2dfb480e0a6ccba06f371c29c867c6a1640a360d"}
,"C:\\Users\\b-tho\\Documents\\Workspace\\tl-stratlas\\react-leaflet\\src\\GridLayer.js": {"path":"C:\\Users\\b-tho\\Documents\\Workspace\\tl-stratlas\\react-leaflet\\src\\GridLayer.js","statementMap":{"0":{"start":{"line":13,"column":4},"end":{"line":13,"column":55}},"1":{"start":{"line":17,"column":32},"end":{"line":17,"column":39}},"2":{"start":{"line":18,"column":4},"end":{"line":20,"column":5}},"3":{"start":{"line":19,"column":6},"end":{"line":19,"column":45}},"4":{"start":{"line":21,"column":4},"end":{"line":23,"column":5}},"5":{"start":{"line":22,"column":6},"end":{"line":22,"column":43}},"6":{"start":{"line":27,"column":20},"end":{"line":27,"column":43}},"7":{"start":{"line":28,"column":4},"end":{"line":36,"column":9}},"8":{"start":{"line":40,"column":4},"end":{"line":40,"column":15}}},"fnMap":{"0":{"name":"(anonymous_0)","decl":{"start":{"line":12,"column":2},"end":{"line":12,"column":3}},"loc":{"start":{"line":12,"column":53},"end":{"line":14,"column":3}},"line":12},"1":{"name":"(anonymous_1)","decl":{"start":{"line":16,"column":2},"end":{"line":16,"column":3}},"loc":{"start":{"line":16,"column":57},"end":{"line":24,"column":3}},"line":16},"2":{"name":"(anonymous_2)","decl":{"start":{"line":26,"column":2},"end":{"line":26,"column":3}},"loc":{"start":{"line":26,"column":34},"end":{"line":37,"column":3}},"line":26},"3":{"name":"(anonymous_3)","decl":{"start":{"line":39,"column":2},"end":{"line":39,"column":3}},"loc":{"start":{"line":39,"column":11},"end":{"line":41,"column":3}},"line":39}},"branchMap":{"0":{"loc":{"start":{"line":18,"column":4},"end":{"line":20,"column":5}},"type":"if","locations":[{"start":{"line":18,"column":4},"end":{"line":20,"column":5}},{"start":{"line":18,"column":4},"end":{"line":20,"column":5}}],"line":18},"1":{"loc":{"start":{"line":21,"column":4},"end":{"line":23,"column":5}},"type":"if","locations":[{"start":{"line":21,"column":4},"end":{"line":23,"column":5}},{"start":{"line":21,"column":4},"end":{"line":23,"column":5}}],"line":21},"2":{"loc":{"start":{"line":28,"column":11},"end":{"line":36,"column":9}},"type":"cond-expr","locations":[{"start":{"line":29,"column":8},"end":{"line":29,"column":15}},{"start":{"line":31,"column":8},"end":{"line":36,"column":9}}],"line":28}},"s":{"0":0,"1":1,"2":1,"3":0,"4":1,"5":0,"6":3,"7":3,"8":4},"f":{"0":0,"1":1,"2":3,"3":4},"b":{"0":[0,1],"1":[0,1],"2":[0,3]},"_coverageSchema":"43e27e138ebf9cfc5966b082cf9a028302ed4184","hash":"313ce6e80d9a41dce24e196abe5e7ce22b857e5f"}
,"C:\\Users\\b-tho\\Documents\\Workspace\\tl-stratlas\\react-leaflet\\src\\ImageOverlay.js": {"path":"C:\\Users\\b-tho\\Documents\\Workspace\\tl-stratlas\\react-leaflet\\src\\ImageOverlay.js","statementMap":{"0":{"start":{"line":20,"column":15},"end":{"line":24,"column":5}},"1":{"start":{"line":25,"column":4},"end":{"line":25,"column":64}},"2":{"start":{"line":26,"column":4},"end":{"line":26,"column":13}},"3":{"start":{"line":30,"column":4},"end":{"line":32,"column":5}},"4":{"start":{"line":31,"column":6},"end":{"line":31,"column":45}},"5":{"start":{"line":33,"column":4},"end":{"line":35,"column":5}},"6":{"start":{"line":34,"column":6},"end":{"line":34,"column":65}},"7":{"start":{"line":36,"column":4},"end":{"line":38,"column":5}},"8":{"start":{"line":37,"column":6},"end":{"line":37,"column":53}},"9":{"start":{"line":39,"column":4},"end":{"line":41,"column":5}},"10":{"start":{"line":40,"column":6},"end":{"line":40,"column":51}}},"fnMap":{"0":{"name":"(anonymous_0)","decl":{"start":{"line":19,"column":2},"end":{"line":19,"column":3}},"loc":{"start":{"line":19,"column":53},"end":{"line":27,"column":3}},"line":19},"1":{"name":"(anonymous_1)","decl":{"start":{"line":29,"column":2},"end":{"line":29,"column":3}},"loc":{"start":{"line":29,"column":57},"end":{"line":42,"column":3}},"line":29}},"branchMap":{"0":{"loc":{"start":{"line":30,"column":4},"end":{"line":32,"column":5}},"type":"if","locations":[{"start":{"line":30,"column":4},"end":{"line":32,"column":5}},{"start":{"line":30,"column":4},"end":{"line":32,"column":5}}],"line":30},"1":{"loc":{"start":{"line":33,"column":4},"end":{"line":35,"column":5}},"type":"if","locations":[{"start":{"line":33,"column":4},"end":{"line":35,"column":5}},{"start":{"line":33,"column":4},"end":{"line":35,"column":5}}],"line":33},"2":{"loc":{"start":{"line":36,"column":4},"end":{"line":38,"column":5}},"type":"if","locations":[{"start":{"line":36,"column":4},"end":{"line":38,"column":5}},{"start":{"line":36,"column":4},"end":{"line":38,"column":5}}],"line":36},"3":{"loc":{"start":{"line":39,"column":4},"end":{"line":41,"column":5}},"type":"if","locations":[{"start":{"line":39,"column":4},"end":{"line":41,"column":5}},{"start":{"line":39,"column":4},"end":{"line":41,"column":5}}],"line":39}},"s":{"0":0,"1":0,"2":0,"3":0,"4":0,"5":0,"6":0,"7":0,"8":0,"9":0,"10":0},"f":{"0":0,"1":0},"b":{"0":[0,0],"1":[0,0],"2":[0,0],"3":[0,0]},"_coverageSchema":"43e27e138ebf9cfc5966b082cf9a028302ed4184","hash":"6e2c96cafe42f2d0d81b1daea0bc3a86b8494c9b"}
,"C:\\Users\\b-tho\\Documents\\Workspace\\tl-stratlas\\react-leaflet\\src\\LayerGroup.js": {"path":"C:\\Users\\b-tho\\Documents\\Workspace\\tl-stratlas\\react-leaflet\\src\\LayerGroup.js","statementMap":{"0":{"start":{"line":14,"column":15},"end":{"line":14,"column":64}},"1":{"start":{"line":15,"column":4},"end":{"line":15,"column":64}},"2":{"start":{"line":16,"column":4},"end":{"line":16,"column":13}}},"fnMap":{"0":{"name":"(anonymous_0)","decl":{"start":{"line":13,"column":2},"end":{"line":13,"column":3}},"loc":{"start":{"line":13,"column":53},"end":{"line":17,"column":3}},"line":13}},"branchMap":{},"s":{"0":0,"1":0,"2":0},"f":{"0":0},"b":{},"_coverageSchema":"43e27e138ebf9cfc5966b082cf9a028302ed4184","hash":"504babccda9d491b421e3bc46869f6cc0ef0e700"}
,"C:\\Users\\b-tho\\Documents\\Workspace\\tl-stratlas\\react-leaflet\\src\\LayersControl.js": {"path":"C:\\Users\\b-tho\\Documents\\Workspace\\tl-stratlas\\react-leaflet\\src\\LayersControl.js","statementMap":{"0":{"start":{"line":39,"column":4},"end":{"line":41,"column":5}},"1":{"start":{"line":40,"column":6},"end":{"line":40,"column":12}},"2":{"start":{"line":43,"column":4},"end":{"line":50,"column":5}},"3":{"start":{"line":44,"column":6},"end":{"line":44,"column":49}},"4":{"start":{"line":45,"column":11},"end":{"line":50,"column":5}},"5":{"start":{"line":49,"column":6},"end":{"line":49,"column":52}},"6":{"start":{"line":54,"column":4},"end":{"line":54,"column":45}},"7":{"start":{"line":58,"column":4},"end":{"line":58,"column":61}},"8":{"start":{"line":62,"column":4},"end":{"line":62,"column":33}},"9":{"start":{"line":66,"column":25},"end":{"line":66,"column":35}},"10":{"start":{"line":67,"column":4},"end":{"line":69,"column":12}},"11":{"start":{"line":75,"column":4},"end":{"line":75,"column":16}},"12":{"start":{"line":76,"column":4},"end":{"line":82,"column":5}},"13":{"start":{"line":85,"column":13},"end":{"line":89,"column":3}},"14":{"start":{"line":86,"column":4},"end":{"line":86,"column":22}},"15":{"start":{"line":87,"column":44},"end":{"line":87,"column":54}},"16":{"start":{"line":88,"column":4},"end":{"line":88,"column":38}},"17":{"start":{"line":94,"column":4},"end":{"line":94,"column":16}},"18":{"start":{"line":95,"column":4},"end":{"line":101,"column":5}},"19":{"start":{"line":104,"column":13},"end":{"line":108,"column":3}},"20":{"start":{"line":105,"column":4},"end":{"line":105,"column":22}},"21":{"start":{"line":106,"column":42},"end":{"line":106,"column":52}},"22":{"start":{"line":107,"column":4},"end":{"line":107,"column":36}},"23":{"start":{"line":126,"column":4},"end":{"line":126,"column":16}},"24":{"start":{"line":127,"column":4},"end":{"line":133,"column":5}},"25":{"start":{"line":137,"column":48},"end":{"line":137,"column":53}},"26":{"start":{"line":138,"column":4},"end":{"line":138,"column":60}},"27":{"start":{"line":145,"column":4},"end":{"line":145,"column":50}},"28":{"start":{"line":146,"column":4},"end":{"line":152,"column":5}},"29":{"start":{"line":147,"column":6},"end":{"line":151,"column":7}},"30":{"start":{"line":148,"column":8},"end":{"line":148,"column":38}},"31":{"start":{"line":150,"column":8},"end":{"line":150,"column":36}},"32":{"start":{"line":156,"column":4},"end":{"line":158,"column":9}},"33":{"start":{"line":157,"column":6},"end":{"line":157,"column":34}},"34":{"start":{"line":162,"column":4},"end":{"line":164,"column":5}},"35":{"start":{"line":163,"column":6},"end":{"line":163,"column":44}},"36":{"start":{"line":165,"column":4},"end":{"line":165,"column":49}},"37":{"start":{"line":169,"column":4},"end":{"line":171,"column":5}},"38":{"start":{"line":170,"column":6},"end":{"line":170,"column":44}},"39":{"start":{"line":172,"column":4},"end":{"line":172,"column":47}},"40":{"start":{"line":176,"column":4},"end":{"line":178,"column":5}},"41":{"start":{"line":177,"column":6},"end":{"line":177,"column":47}},"42":{"start":{"line":182,"column":4},"end":{"line":182,"column":42}},"43":{"start":{"line":186,"column":21},"end":{"line":188,"column":6}},"44":{"start":{"line":187,"column":6},"end":{"line":187,"column":66}},"45":{"start":{"line":189,"column":4},"end":{"line":189,"column":42}},"46":{"start":{"line":193,"column":36},"end":{"line":193,"column":62}},"47":{"start":{"line":195,"column":0},"end":{"line":195,"column":41}},"48":{"start":{"line":196,"column":0},"end":{"line":196,"column":37}}},"fnMap":{"0":{"name":"(anonymous_0)","decl":{"start":{"line":38,"column":2},"end":{"line":38,"column":3}},"loc":{"start":{"line":38,"column":56},"end":{"line":51,"column":3}},"line":38},"1":{"name":"(anonymous_1)","decl":{"start":{"line":53,"column":2},"end":{"line":53,"column":3}},"loc":{"start":{"line":53,"column":25},"end":{"line":55,"column":3}},"line":53},"2":{"name":"(anonymous_2)","decl":{"start":{"line":57,"column":2},"end":{"line":57,"column":3}},"loc":{"start":{"line":57,"column":13},"end":{"line":59,"column":3}},"line":57},"3":{"name":"(anonymous_3)","decl":{"start":{"line":61,"column":2},"end":{"line":61,"column":3}},"loc":{"start":{"line":61,"column":28},"end":{"line":63,"column":3}},"line":61},"4":{"name":"(anonymous_4)","decl":{"start":{"line":65,"column":2},"end":{"line":65,"column":3}},"loc":{"start":{"line":65,"column":11},"end":{"line":70,"column":3}},"line":65},"5":{"name":"(anonymous_5)","decl":{"start":{"line":74,"column":2},"end":{"line":74,"column":3}},"loc":{"start":{"line":74,"column":43},"end":{"line":83,"column":3}},"line":74},"6":{"name":"(anonymous_6)","decl":{"start":{"line":85,"column":13},"end":{"line":85,"column":14}},"loc":{"start":{"line":85,"column":31},"end":{"line":89,"column":3}},"line":85},"7":{"name":"(anonymous_7)","decl":{"start":{"line":93,"column":2},"end":{"line":93,"column":3}},"loc":{"start":{"line":93,"column":43},"end":{"line":102,"column":3}},"line":93},"8":{"name":"(anonymous_8)","decl":{"start":{"line":104,"column":13},"end":{"line":104,"column":14}},"loc":{"start":{"line":104,"column":31},"end":{"line":108,"column":3}},"line":104},"9":{"name":"(anonymous_9)","decl":{"start":{"line":125,"column":2},"end":{"line":125,"column":3}},"loc":{"start":{"line":125,"column":41},"end":{"line":134,"column":3}},"line":125},"10":{"name":"(anonymous_10)","decl":{"start":{"line":136,"column":2},"end":{"line":136,"column":3}},"loc":{"start":{"line":136,"column":66},"end":{"line":139,"column":3}},"line":136},"11":{"name":"(anonymous_11)","decl":{"start":{"line":141,"column":2},"end":{"line":141,"column":3}},"loc":{"start":{"line":144,"column":4},"end":{"line":153,"column":3}},"line":144},"12":{"name":"(anonymous_12)","decl":{"start":{"line":155,"column":2},"end":{"line":155,"column":3}},"loc":{"start":{"line":155,"column":25},"end":{"line":159,"column":3}},"line":155},"13":{"name":"(anonymous_13)","decl":{"start":{"line":156,"column":15},"end":{"line":156,"column":16}},"loc":{"start":{"line":156,"column":21},"end":{"line":158,"column":5}},"line":156},"14":{"name":"(anonymous_14)","decl":{"start":{"line":161,"column":2},"end":{"line":161,"column":3}},"loc":{"start":{"line":161,"column":69},"end":{"line":166,"column":3}},"line":161},"15":{"name":"(anonymous_15)","decl":{"start":{"line":168,"column":2},"end":{"line":168,"column":3}},"loc":{"start":{"line":168,"column":67},"end":{"line":173,"column":3}},"line":168},"16":{"name":"(anonymous_16)","decl":{"start":{"line":175,"column":2},"end":{"line":175,"column":3}},"loc":{"start":{"line":175,"column":28},"end":{"line":179,"column":3}},"line":175},"17":{"name":"(anonymous_17)","decl":{"start":{"line":181,"column":2},"end":{"line":181,"column":3}},"loc":{"start":{"line":181,"column":35},"end":{"line":183,"column":3}},"line":181},"18":{"name":"(anonymous_18)","decl":{"start":{"line":185,"column":2},"end":{"line":185,"column":3}},"loc":{"start":{"line":185,"column":11},"end":{"line":190,"column":3}},"line":185},"19":{"name":"(anonymous_19)","decl":{"start":{"line":186,"column":55},"end":{"line":186,"column":56}},"loc":{"start":{"line":186,"column":64},"end":{"line":188,"column":5}},"line":186}},"branchMap":{"0":{"loc":{"start":{"line":39,"column":4},"end":{"line":41,"column":5}},"type":"if","locations":[{"start":{"line":39,"column":4},"end":{"line":41,"column":5}},{"start":{"line":39,"column":4},"end":{"line":41,"column":5}}],"line":39},"1":{"loc":{"start":{"line":43,"column":4},"end":{"line":50,"column":5}},"type":"if","locations":[{"start":{"line":43,"column":4},"end":{"line":50,"column":5}},{"start":{"line":43,"column":4},"end":{"line":50,"column":5}}],"line":43},"2":{"loc":{"start":{"line":43,"column":8},"end":{"line":43,"column":77}},"type":"binary-expr","locations":[{"start":{"line":43,"column":8},"end":{"line":43,"column":35}},{"start":{"line":43,"column":40},"end":{"line":43,"column":55}},{"start":{"line":43,"column":59},"end":{"line":43,"column":76}}],"line":43},"3":{"loc":{"start":{"line":45,"column":11},"end":{"line":50,"column":5}},"type":"if","locations":[{"start":{"line":45,"column":11},"end":{"line":50,"column":5}},{"start":{"line":45,"column":11},"end":{"line":50,"column":5}}],"line":45},"4":{"loc":{"start":{"line":46,"column":6},"end":{"line":47,"column":66}},"type":"binary-expr","locations":[{"start":{"line":46,"column":6},"end":{"line":46,"column":22}},{"start":{"line":47,"column":7},"end":{"line":47,"column":33}},{"start":{"line":47,"column":37},"end":{"line":47,"column":65}}],"line":46},"5":{"loc":{"start":{"line":67,"column":11},"end":{"line":69,"column":12}},"type":"cond-expr","locations":[{"start":{"line":68,"column":6},"end":{"line":68,"column":77}},{"start":{"line":69,"column":8},"end":{"line":69,"column":12}}],"line":67},"6":{"loc":{"start":{"line":146,"column":4},"end":{"line":152,"column":5}},"type":"if","locations":[{"start":{"line":146,"column":4},"end":{"line":152,"column":5}},{"start":{"line":146,"column":4},"end":{"line":152,"column":5}}],"line":146},"7":{"loc":{"start":{"line":147,"column":6},"end":{"line":151,"column":7}},"type":"if","locations":[{"start":{"line":147,"column":6},"end":{"line":151,"column":7}},{"start":{"line":147,"column":6},"end":{"line":151,"column":7}}],"line":147},"8":{"loc":{"start":{"line":161,"column":43},"end":{"line":161,"column":67}},"type":"default-arg","locations":[{"start":{"line":161,"column":62},"end":{"line":161,"column":67}}],"line":161},"9":{"loc":{"start":{"line":162,"column":4},"end":{"line":164,"column":5}},"type":"if","locations":[{"start":{"line":162,"column":4},"end":{"line":164,"column":5}},{"start":{"line":162,"column":4},"end":{"line":164,"column":5}}],"line":162},"10":{"loc":{"start":{"line":162,"column":8},"end":{"line":162,"column":49}},"type":"binary-expr","locations":[{"start":{"line":162,"column":8},"end":{"line":162,"column":15}},{"start":{"line":162,"column":19},"end":{"line":162,"column":49}}],"line":162},"11":{"loc":{"start":{"line":168,"column":41},"end":{"line":168,"column":65}},"type":"default-arg","locations":[{"start":{"line":168,"column":60},"end":{"line":168,"column":65}}],"line":168},"12":{"loc":{"start":{"line":169,"column":4},"end":{"line":171,"column":5}},"type":"if","locations":[{"start":{"line":169,"column":4},"end":{"line":171,"column":5}},{"start":{"line":169,"column":4},"end":{"line":171,"column":5}}],"line":169},"13":{"loc":{"start":{"line":169,"column":8},"end":{"line":169,"column":49}},"type":"binary-expr","locations":[{"start":{"line":169,"column":8},"end":{"line":169,"column":15}},{"start":{"line":169,"column":19},"end":{"line":169,"column":49}}],"line":169},"14":{"loc":{"start":{"line":176,"column":4},"end":{"line":178,"column":5}},"type":"if","locations":[{"start":{"line":176,"column":4},"end":{"line":178,"column":5}},{"start":{"line":176,"column":4},"end":{"line":178,"column":5}}],"line":176},"15":{"loc":{"start":{"line":187,"column":13},"end":{"line":187,"column":66}},"type":"cond-expr","locations":[{"start":{"line":187,"column":21},"end":{"line":187,"column":59}},{"start":{"line":187,"column":62},"end":{"line":187,"column":66}}],"line":187}},"s":{"0":0,"1":0,"2":0,"3":0,"4":0,"5":0,"6":0,"7":0,"8":0,"9":1,"10":1,"11":0,"12":0,"13":0,"14":0,"15":0,"16":0,"17":1,"18":1,"19":1,"20":0,"21":0,"22":0,"23":1,"24":1,"25":1,"26":1,"27":0,"28":0,"29":0,"30":0,"31":0,"32":0,"33":0,"34":0,"35":0,"36":0,"37":0,"38":0,"39":0,"40":0,"41":0,"42":0,"43":1,"44":1,"45":1,"46":4,"47":4,"48":4},"f":{"0":0,"1":0,"2":0,"3":0,"4":1,"5":0,"6":0,"7":1,"8":0,"9":1,"10":1,"11":0,"12":0,"13":0,"14":0,"15":0,"16":0,"17":0,"18":1,"19":1},"b":{"0":[0,0],"1":[0,0],"2":[0,0,0],"3":[0,0],"4":[0,0,0],"5":[1,0],"6":[0,0],"7":[0,0],"8":[0],"9":[0,0],"10":[0,0],"11":[0],"12":[0,0],"13":[0,0],"14":[0,0],"15":[1,0]},"_coverageSchema":"43e27e138ebf9cfc5966b082cf9a028302ed4184","hash":"4fe08ff6039e03ec7a0debea6206b47c1f2ac5c2"}
,"C:\\Users\\b-tho\\Documents\\Workspace\\tl-stratlas\\react-leaflet\\src\\Map.js": {"path":"C:\\Users\\b-tho\\Documents\\Workspace\\tl-stratlas\\react-leaflet\\src\\Map.js","statementMap":{"0":{"start":{"line":23,"column":20},"end":{"line":30,"column":1}},"1":{"start":{"line":32,"column":24},"end":{"line":36,"column":1}},"2":{"start":{"line":33,"column":2},"end":{"line":35,"column":44}},"3":{"start":{"line":103,"column":23},"end":{"line":106,"column":3}},"4":{"start":{"line":108,"column":20},"end":{"line":108,"column":25}},"5":{"start":{"line":109,"column":23},"end":{"line":109,"column":28}},"6":{"start":{"line":112,"column":4},"end":{"line":112,"column":16}},"7":{"start":{"line":113,"column":4},"end":{"line":113,"column":36}},"8":{"start":{"line":117,"column":37},"end":{"line":117,"column":42}},"9":{"start":{"line":118,"column":4},"end":{"line":125,"column":5}},"10":{"start":{"line":119,"column":6},"end":{"line":121,"column":7}},"11":{"start":{"line":120,"column":8},"end":{"line":120,"column":40}},"12":{"start":{"line":122,"column":6},"end":{"line":124,"column":7}},"13":{"start":{"line":123,"column":8},"end":{"line":123,"column":36}},"14":{"start":{"line":126,"column":4},"end":{"line":126,"column":50}},"15":{"start":{"line":130,"column":4},"end":{"line":130,"column":25}},"16":{"start":{"line":149,"column":8},"end":{"line":149,"column":15}},"17":{"start":{"line":151,"column":4},"end":{"line":151,"column":67}},"18":{"start":{"line":153,"column":4},"end":{"line":173,"column":5}},"19":{"start":{"line":154,"column":16},"end":{"line":154,"column":58}},"20":{"start":{"line":155,"column":16},"end":{"line":155,"column":60}},"21":{"start":{"line":156,"column":6},"end":{"line":160,"column":7}},"22":{"start":{"line":157,"column":8},"end":{"line":157,"column":52}},"23":{"start":{"line":159,"column":8},"end":{"line":159,"column":54}},"24":{"start":{"line":161,"column":11},"end":{"line":173,"column":5}},"25":{"start":{"line":162,"column":6},"end":{"line":166,"column":7}},"26":{"start":{"line":163,"column":8},"end":{"line":163,"column":60}},"27":{"start":{"line":165,"column":8},"end":{"line":165,"column":62}},"28":{"start":{"line":167,"column":11},"end":{"line":173,"column":5}},"29":{"start":{"line":168,"column":6},"end":{"line":172,"column":7}},"30":{"start":{"line":169,"column":8},"end":{"line":169,"column":49}},"31":{"start":{"line":171,"column":8},"end":{"line":171,"column":41}},"32":{"start":{"line":175,"column":4},"end":{"line":177,"column":5}},"33":{"start":{"line":176,"column":6},"end":{"line":176,"column":49}},"34":{"start":{"line":179,"column":4},"end":{"line":189,"column":5}},"35":{"start":{"line":184,"column":6},"end":{"line":188,"column":7}},"36":{"start":{"line":185,"column":8},"end":{"line":185,"column":62}},"37":{"start":{"line":187,"column":8},"end":{"line":187,"column":60}},"38":{"start":{"line":191,"column":4},"end":{"line":197,"column":5}},"39":{"start":{"line":192,"column":6},"end":{"line":196,"column":7}},"40":{"start":{"line":193,"column":8},"end":{"line":193,"column":44}},"41":{"start":{"line":195,"column":8},"end":{"line":195,"column":45}},"42":{"start":{"line":199,"column":4},"end":{"line":205,"column":5}},"43":{"start":{"line":200,"column":6},"end":{"line":204,"column":7}},"44":{"start":{"line":201,"column":8},"end":{"line":201,"column":52}},"45":{"start":{"line":203,"column":8},"end":{"line":203,"column":53}},"46":{"start":{"line":207,"column":4},"end":{"line":213,"column":5}},"47":{"start":{"line":208,"column":6},"end":{"line":212,"column":7}},"48":{"start":{"line":209,"column":8},"end":{"line":209,"column":45}},"49":{"start":{"line":211,"column":8},"end":{"line":211,"column":46}},"50":{"start":{"line":215,"column":4},"end":{"line":221,"column":5}},"51":{"start":{"line":216,"column":6},"end":{"line":220,"column":7}},"52":{"start":{"line":217,"column":8},"end":{"line":217,"column":45}},"53":{"start":{"line":219,"column":8},"end":{"line":219,"column":46}},"54":{"start":{"line":223,"column":4},"end":{"line":230,"column":5}},"55":{"start":{"line":224,"column":6},"end":{"line":229,"column":7}},"56":{"start":{"line":225,"column":8},"end":{"line":225,"column":69}},"57":{"start":{"line":226,"column":8},"end":{"line":226,"column":52}},"58":{"start":{"line":228,"column":8},"end":{"line":228,"column":53}},"59":{"start":{"line":232,"column":4},"end":{"line":238,"column":5}},"60":{"start":{"line":233,"column":6},"end":{"line":237,"column":7}},"61":{"start":{"line":234,"column":8},"end":{"line":234,"column":40}},"62":{"start":{"line":236,"column":8},"end":{"line":236,"column":41}},"63":{"start":{"line":240,"column":4},"end":{"line":247,"column":5}},"64":{"start":{"line":241,"column":6},"end":{"line":246,"column":7}},"65":{"start":{"line":242,"column":8},"end":{"line":242,"column":57}},"66":{"start":{"line":243,"column":8},"end":{"line":243,"column":46}},"67":{"start":{"line":245,"column":8},"end":{"line":245,"column":47}},"68":{"start":{"line":249,"column":4},"end":{"line":249,"column":26}},"69":{"start":{"line":252,"column":21},"end":{"line":261,"column":3}},"70":{"start":{"line":253,"column":19},"end":{"line":253,"column":50}},"71":{"start":{"line":254,"column":4},"end":{"line":257,"column":5}},"72":{"start":{"line":258,"column":4},"end":{"line":260,"column":5}},"73":{"start":{"line":259,"column":6},"end":{"line":259,"column":48}},"74":{"start":{"line":263,"column":22},"end":{"line":267,"column":3}},"75":{"start":{"line":264,"column":4},"end":{"line":266,"column":5}},"76":{"start":{"line":265,"column":6},"end":{"line":265,"column":49}},"77":{"start":{"line":270,"column":18},"end":{"line":270,"column":50}},"78":{"start":{"line":271,"column":4},"end":{"line":271,"column":58}},"79":{"start":{"line":273,"column":4},"end":{"line":273,"column":57}},"80":{"start":{"line":274,"column":4},"end":{"line":274,"column":61}},"81":{"start":{"line":276,"column":4},"end":{"line":278,"column":5}},"82":{"start":{"line":277,"column":6},"end":{"line":277,"column":70}},"83":{"start":{"line":280,"column":4},"end":{"line":283,"column":5}},"84":{"start":{"line":285,"column":4},"end":{"line":285,"column":29}},"85":{"start":{"line":286,"column":4},"end":{"line":286,"column":22}},"86":{"start":{"line":290,"column":4},"end":{"line":295,"column":5}},"87":{"start":{"line":291,"column":6},"end":{"line":291,"column":24}},"88":{"start":{"line":292,"column":6},"end":{"line":294,"column":7}},"89":{"start":{"line":293,"column":8},"end":{"line":293,"column":59}},"90":{"start":{"line":297,"column":4},"end":{"line":297,"column":39}},"91":{"start":{"line":298,"column":4},"end":{"line":298,"column":52}},"92":{"start":{"line":302,"column":4},"end":{"line":302,"column":32}},"93":{"start":{"line":304,"column":4},"end":{"line":304,"column":58}},"94":{"start":{"line":305,"column":4},"end":{"line":305,"column":62}},"95":{"start":{"line":309,"column":4},"end":{"line":314,"column":5}},"96":{"start":{"line":310,"column":6},"end":{"line":310,"column":43}},"97":{"start":{"line":311,"column":6},"end":{"line":311,"column":33}},"98":{"start":{"line":313,"column":6},"end":{"line":313,"column":34}},"99":{"start":{"line":317,"column":18},"end":{"line":319,"column":3}},"100":{"start":{"line":318,"column":4},"end":{"line":318,"column":30}},"101":{"start":{"line":322,"column":4},"end":{"line":322,"column":26}},"102":{"start":{"line":322,"column":15},"end":{"line":322,"column":26}},"103":{"start":{"line":323,"column":4},"end":{"line":323,"column":32}},"104":{"start":{"line":324,"column":4},"end":{"line":324,"column":32}},"105":{"start":{"line":325,"column":4},"end":{"line":325,"column":53}},"106":{"start":{"line":329,"column":4},"end":{"line":329,"column":71}},"107":{"start":{"line":333,"column":4},"end":{"line":345,"column":5}}},"fnMap":{"0":{"name":"(anonymous_0)","decl":{"start":{"line":32,"column":24},"end":{"line":32,"column":25}},"loc":{"start":{"line":32,"column":59},"end":{"line":36,"column":1}},"line":32},"1":{"name":"(anonymous_1)","decl":{"start":{"line":111,"column":2},"end":{"line":111,"column":3}},"loc":{"start":{"line":111,"column":28},"end":{"line":114,"column":3}},"line":111},"2":{"name":"(anonymous_2)","decl":{"start":{"line":116,"column":2},"end":{"line":116,"column":3}},"loc":{"start":{"line":116,"column":53},"end":{"line":127,"column":3}},"line":116},"3":{"name":"(anonymous_3)","decl":{"start":{"line":129,"column":2},"end":{"line":129,"column":3}},"loc":{"start":{"line":129,"column":57},"end":{"line":250,"column":3}},"line":129},"4":{"name":"(anonymous_4)","decl":{"start":{"line":252,"column":21},"end":{"line":252,"column":22}},"loc":{"start":{"line":252,"column":27},"end":{"line":261,"column":3}},"line":252},"5":{"name":"(anonymous_5)","decl":{"start":{"line":263,"column":22},"end":{"line":263,"column":23}},"loc":{"start":{"line":263,"column":28},"end":{"line":267,"column":3}},"line":263},"6":{"name":"(anonymous_6)","decl":{"start":{"line":269,"column":2},"end":{"line":269,"column":3}},"loc":{"start":{"line":269,"column":22},"end":{"line":287,"column":3}},"line":269},"7":{"name":"(anonymous_7)","decl":{"start":{"line":289,"column":2},"end":{"line":289,"column":3}},"loc":{"start":{"line":289,"column":39},"end":{"line":299,"column":3}},"line":289},"8":{"name":"(anonymous_8)","decl":{"start":{"line":301,"column":2},"end":{"line":301,"column":3}},"loc":{"start":{"line":301,"column":25},"end":{"line":315,"column":3}},"line":301},"9":{"name":"(anonymous_9)","decl":{"start":{"line":317,"column":18},"end":{"line":317,"column":19}},"loc":{"start":{"line":317,"column":56},"end":{"line":319,"column":3}},"line":317},"10":{"name":"(anonymous_10)","decl":{"start":{"line":321,"column":2},"end":{"line":321,"column":3}},"loc":{"start":{"line":321,"column":49},"end":{"line":326,"column":3}},"line":321},"11":{"name":"(anonymous_11)","decl":{"start":{"line":328,"column":2},"end":{"line":328,"column":3}},"loc":{"start":{"line":328,"column":61},"end":{"line":330,"column":3}},"line":328},"12":{"name":"(anonymous_12)","decl":{"start":{"line":332,"column":2},"end":{"line":332,"column":3}},"loc":{"start":{"line":332,"column":11},"end":{"line":346,"column":3}},"line":332}},"branchMap":{"0":{"loc":{"start":{"line":33,"column":9},"end":{"line":35,"column":44}},"type":"cond-expr","locations":[{"start":{"line":34,"column":6},"end":{"line":34,"column":22}},{"start":{"line":35,"column":6},"end":{"line":35,"column":44}}],"line":33},"1":{"loc":{"start":{"line":35,"column":16},"end":{"line":35,"column":43}},"type":"cond-expr","locations":[{"start":{"line":35,"column":26},"end":{"line":35,"column":33}},{"start":{"line":35,"column":36},"end":{"line":35,"column":43}}],"line":35},"2":{"loc":{"start":{"line":118,"column":4},"end":{"line":125,"column":5}},"type":"if","locations":[{"start":{"line":118,"column":4},"end":{"line":125,"column":5}},{"start":{"line":118,"column":4},"end":{"line":125,"column":5}}],"line":118},"3":{"loc":{"start":{"line":119,"column":6},"end":{"line":121,"column":7}},"type":"if","locations":[{"start":{"line":119,"column":6},"end":{"line":121,"column":7}},{"start":{"line":119,"column":6},"end":{"line":121,"column":7}}],"line":119},"4":{"loc":{"start":{"line":122,"column":6},"end":{"line":124,"column":7}},"type":"if","locations":[{"start":{"line":122,"column":6},"end":{"line":124,"column":7}},{"start":{"line":122,"column":6},"end":{"line":124,"column":7}}],"line":122},"5":{"loc":{"start":{"line":153,"column":4},"end":{"line":173,"column":5}},"type":"if","locations":[{"start":{"line":153,"column":4},"end":{"line":173,"column":5}},{"start":{"line":153,"column":4},"end":{"line":173,"column":5}}],"line":153},"6":{"loc":{"start":{"line":153,"column":8},"end":{"line":153,"column":51}},"type":"binary-expr","locations":[{"start":{"line":153,"column":8},"end":{"line":153,"column":16}},{"start":{"line":153,"column":20},"end":{"line":153,"column":51}}],"line":153},"7":{"loc":{"start":{"line":154,"column":16},"end":{"line":154,"column":58}},"type":"cond-expr","locations":[{"start":{"line":154,"column":34},"end":{"line":154,"column":49}},{"start":{"line":154,"column":52},"end":{"line":154,"column":58}}],"line":154},"8":{"loc":{"start":{"line":155,"column":16},"end":{"line":155,"column":60}},"type":"cond-expr","locations":[{"start":{"line":155,"column":40},"end":{"line":155,"column":44}},{"start":{"line":155,"column":47},"end":{"line":155,"column":60}}],"line":155},"9":{"loc":{"start":{"line":156,"column":6},"end":{"line":160,"column":7}},"type":"if","locations":[{"start":{"line":156,"column":6},"end":{"line":160,"column":7}},{"start":{"line":156,"column":6},"end":{"line":160,"column":7}}],"line":156},"10":{"loc":{"start":{"line":161,"column":11},"end":{"line":173,"column":5}},"type":"if","locations":[{"start":{"line":161,"column":11},"end":{"line":173,"column":5}},{"start":{"line":161,"column":11},"end":{"line":173,"column":5}}],"line":161},"11":{"loc":{"start":{"line":161,"column":15},"end":{"line":161,"column":74}},"type":"binary-expr","locations":[{"start":{"line":161,"column":15},"end":{"line":161,"column":21}},{"start":{"line":161,"column":25},"end":{"line":161,"column":74}}],"line":161},"12":{"loc":{"start":{"line":162,"column":6},"end":{"line":166,"column":7}},"type":"if","locations":[{"start":{"line":162,"column":6},"end":{"line":166,"column":7}},{"start":{"line":162,"column":6},"end":{"line":166,"column":7}}],"line":162},"13":{"loc":{"start":{"line":167,"column":11},"end":{"line":173,"column":5}},"type":"if","locations":[{"start":{"line":167,"column":11},"end":{"line":173,"column":5}},{"start":{"line":167,"column":11},"end":{"line":173,"column":5}}],"line":167},"14":{"loc":{"start":{"line":167,"column":15},"end":{"line":167,"column":66}},"type":"binary-expr","locations":[{"start":{"line":167,"column":15},"end":{"line":167,"column":39}},{"start":{"line":167,"column":43},"end":{"line":167,"column":66}}],"line":167},"15":{"loc":{"start":{"line":168,"column":6},"end":{"line":172,"column":7}},"type":"if","locations":[{"start":{"line":168,"column":6},"end":{"line":172,"column":7}},{"start":{"line":168,"column":6},"end":{"line":172,"column":7}}],"line":168},"16":{"loc":{"start":{"line":175,"column":4},"end":{"line":177,"column":5}},"type":"if","locations":[{"start":{"line":175,"column":4},"end":{"line":177,"column":5}},{"start":{"line":175,"column":4},"end":{"line":177,"column":5}}],"line":175},"17":{"loc":{"start":{"line":175,"column":8},"end":{"line":175,"column":76}},"type":"binary-expr","locations":[{"start":{"line":175,"column":8},"end":{"line":175,"column":17}},{"start":{"line":175,"column":21},"end":{"line":175,"column":76}}],"line":175},"18":{"loc":{"start":{"line":179,"column":4},"end":{"line":189,"column":5}},"type":"if","locations":[{"start":{"line":179,"column":4},"end":{"line":189,"column":5}},{"start":{"line":179,"column":4},"end":{"line":189,"column":5}}],"line":179},"19":{"loc":{"start":{"line":180,"column":6},"end":{"line":182,"column":50}},"type":"binary-expr","locations":[{"start":{"line":180,"column":6},"end":{"line":180,"column":12}},{"start":{"line":181,"column":7},"end":{"line":181,"column":56}},{"start":{"line":182,"column":8},"end":{"line":182,"column":49}}],"line":180},"20":{"loc":{"start":{"line":184,"column":6},"end":{"line":188,"column":7}},"type":"if","locations":[{"start":{"line":184,"column":6},"end":{"line":188,"column":7}},{"start":{"line":184,"column":6},"end":{"line":188,"column":7}}],"line":184},"21":{"loc":{"start":{"line":191,"column":4},"end":{"line":197,"column":5}},"type":"if","locations":[{"start":{"line":191,"column":4},"end":{"line":197,"column":5}},{"start":{"line":191,"column":4},"end":{"line":197,"column":5}}],"line":191},"22":{"loc":{"start":{"line":192,"column":6},"end":{"line":196,"column":7}},"type":"if","locations":[{"start":{"line":192,"column":6},"end":{"line":196,"column":7}},{"start":{"line":192,"column":6},"end":{"line":196,"column":7}}],"line":192},"23":{"loc":{"start":{"line":199,"column":4},"end":{"line":205,"column":5}},"type":"if","locations":[{"start":{"line":199,"column":4},"end":{"line":205,"column":5}},{"start":{"line":199,"column":4},"end":{"line":205,"column":5}}],"line":199},"24":{"loc":{"start":{"line":200,"column":6},"end":{"line":204,"column":7}},"type":"if","locations":[{"start":{"line":200,"column":6},"end":{"line":204,"column":7}},{"start":{"line":200,"column":6},"end":{"line":204,"column":7}}],"line":200},"25":{"loc":{"start":{"line":207,"column":4},"end":{"line":213,"column":5}},"type":"if","locations":[{"start":{"line":207,"column":4},"end":{"line":213,"column":5}},{"start":{"line":207,"column":4},"end":{"line":213,"column":5}}],"line":207},"26":{"loc":{"start":{"line":208,"column":6},"end":{"line":212,"column":7}},"type":"if","locations":[{"start":{"line":208,"column":6},"end":{"line":212,"column":7}},{"start":{"line":208,"column":6},"end":{"line":212,"column":7}}],"line":208},"27":{"loc":{"start":{"line":215,"column":4},"end":{"line":221,"column":5}},"type":"if","locations":[{"start":{"line":215,"column":4},"end":{"line":221,"column":5}},{"start":{"line":215,"column":4},"end":{"line":221,"column":5}}],"line":215},"28":{"loc":{"start":{"line":216,"column":6},"end":{"line":220,"column":7}},"type":"if","locations":[{"start":{"line":216,"column":6},"end":{"line":220,"column":7}},{"start":{"line":216,"column":6},"end":{"line":220,"column":7}}],"line":216},"29":{"loc":{"start":{"line":223,"column":4},"end":{"line":230,"column":5}},"type":"if","locations":[{"start":{"line":223,"column":4},"end":{"line":230,"column":5}},{"start":{"line":223,"column":4},"end":{"line":230,"column":5}}],"line":223},"30":{"loc":{"start":{"line":224,"column":6},"end":{"line":229,"column":7}},"type":"if","locations":[{"start":{"line":224,"column":6},"end":{"line":229,"column":7}},{"start":{"line":224,"column":6},"end":{"line":229,"column":7}}],"line":224},"31":{"loc":{"start":{"line":224,"column":10},"end":{"line":224,"column":73}},"type":"binary-expr","locations":[{"start":{"line":224,"column":10},"end":{"line":224,"column":34}},{"start":{"line":224,"column":38},"end":{"line":224,"column":73}}],"line":224},"32":{"loc":{"start":{"line":232,"column":4},"end":{"line":238,"column":5}},"type":"if","locations":[{"start":{"line":232,"column":4},"end":{"line":238,"column":5}},{"start":{"line":232,"column":4},"end":{"line":238,"column":5}}],"line":232},"33":{"loc":{"start":{"line":233,"column":6},"end":{"line":237,"column":7}},"type":"if","locations":[{"start":{"line":233,"column":6},"end":{"line":237,"column":7}},{"start":{"line":233,"column":6},"end":{"line":237,"column":7}}],"line":233},"34":{"loc":{"start":{"line":240,"column":4},"end":{"line":247,"column":5}},"type":"if","locations":[{"start":{"line":240,"column":4},"end":{"line":247,"column":5}},{"start":{"line":240,"column":4},"end":{"line":247,"column":5}}],"line":240},"35":{"loc":{"start":{"line":241,"column":6},"end":{"line":246,"column":7}},"type":"if","locations":[{"start":{"line":241,"column":6},"end":{"line":246,"column":7}},{"start":{"line":241,"column":6},"end":{"line":246,"column":7}}],"line":241},"36":{"loc":{"start":{"line":241,"column":10},"end":{"line":241,"column":61}},"type":"binary-expr","locations":[{"start":{"line":241,"column":10},"end":{"line":241,"column":28}},{"start":{"line":241,"column":32},"end":{"line":241,"column":61}}],"line":241},"37":{"loc":{"start":{"line":255,"column":14},"end":{"line":255,"column":59}},"type":"cond-expr","locations":[{"start":{"line":255,"column":23},"end":{"line":255,"column":47}},{"start":{"line":255,"column":50},"end":{"line":255,"column":59}}],"line":255},"38":{"loc":{"start":{"line":258,"column":4},"end":{"line":260,"column":5}},"type":"if","locations":[{"start":{"line":258,"column":4},"end":{"line":260,"column":5}},{"start":{"line":258,"column":4},"end":{"line":260,"column":5}}],"line":258},"39":{"loc":{"start":{"line":258,"column":8},"end":{"line":258,"column":54}},"type":"binary-expr","locations":[{"start":{"line":258,"column":8},"end":{"line":258,"column":35}},{"start":{"line":258,"column":39},"end":{"line":258,"column":54}}],"line":258},"40":{"loc":{"start":{"line":264,"column":4},"end":{"line":266,"column":5}},"type":"if","locations":[{"start":{"line":264,"column":4},"end":{"line":266,"column":5}},{"start":{"line":264,"column":4},"end":{"line":266,"column":5}}],"line":264},"41":{"loc":{"start":{"line":264,"column":8},"end":{"line":264,"column":55}},"type":"binary-expr","locations":[{"start":{"line":264,"column":8},"end":{"line":264,"column":36}},{"start":{"line":264,"column":40},"end":{"line":264,"column":55}}],"line":264},"42":{"loc":{"start":{"line":276,"column":4},"end":{"line":278,"column":5}},"type":"if","locations":[{"start":{"line":276,"column":4},"end":{"line":278,"column":5}},{"start":{"line":276,"column":4},"end":{"line":278,"column":5}}],"line":276},"43":{"loc":{"start":{"line":290,"column":4},"end":{"line":295,"column":5}},"type":"if","locations":[{"start":{"line":290,"column":4},"end":{"line":295,"column":5}},{"start":{"line":290,"column":4},"end":{"line":295,"column":5}}],"line":290},"44":{"loc":{"start":{"line":292,"column":6},"end":{"line":294,"column":7}},"type":"if","locations":[{"start":{"line":292,"column":6},"end":{"line":294,"column":7}},{"start":{"line":292,"column":6},"end":{"line":294,"column":7}}],"line":292},"45":{"loc":{"start":{"line":309,"column":4},"end":{"line":314,"column":5}},"type":"if","locations":[{"start":{"line":309,"column":4},"end":{"line":314,"column":5}},{"start":{"line":309,"column":4},"end":{"line":314,"column":5}}],"line":309},"46":{"loc":{"start":{"line":322,"column":4},"end":{"line":322,"column":26}},"type":"if","locations":[{"start":{"line":322,"column":4},"end":{"line":322,"column":26}},{"start":{"line":322,"column":4},"end":{"line":322,"column":26}}],"line":322},"47":{"loc":{"start":{"line":325,"column":11},"end":{"line":325,"column":53}},"type":"binary-expr","locations":[{"start":{"line":325,"column":11},"end":{"line":325,"column":30}},{"start":{"line":325,"column":34},"end":{"line":325,"column":53}}],"line":325},"48":{"loc":{"start":{"line":329,"column":11},"end":{"line":329,"column":71}},"type":"cond-expr","locations":[{"start":{"line":329,"column":18},"end":{"line":329,"column":64}},{"start":{"line":329,"column":67},"end":{"line":329,"column":71}}],"line":329},"49":{"loc":{"start":{"line":339,"column":9},"end":{"line":343,"column":16}},"type":"cond-expr","locations":[{"start":{"line":340,"column":10},"end":{"line":342,"column":28}},{"start":{"line":343,"column":12},"end":{"line":343,"column":16}}],"line":339}},"s":{"0":5,"1":5,"2":14,"3":12,"4":12,"5":12,"6":12,"7":12,"8":11,"9":11,"10":1,"11":1,"12":1,"13":1,"14":11,"15":15,"16":15,"17":15,"18":15,"19":1,"20":1,"21":1,"22":0,"23":1,"24":14,"25":1,"26":0,"27":1,"28":13,"29":0,"30":0,"31":0,"32":15,"33":0,"34":15,"35":2,"36":0,"37":2,"38":15,"39":0,"40":0,"41":0,"42":15,"43":0,"44":0,"45":0,"46":15,"47":0,"48":0,"49":0,"50":15,"51":0,"52":0,"53":0,"54":15,"55":0,"56":0,"57":0,"58":0,"59":15,"60":0,"61":0,"62":0,"63":15,"64":0,"65":0,"66":0,"67":0,"68":15,"69":12,"70":0,"71":0,"72":0,"73":0,"74":12,"75":0,"76":0,"77":11,"78":11,"79":11,"80":11,"81":11,"82":4,"83":11,"84":11,"85":11,"86":15,"87":11,"88":11,"89":0,"90":15,"91":15,"92":1,"93":1,"94":1,"95":1,"96":0,"97":0,"98":1,"99":12,"100":12,"101":7,"102":0,"103":7,"104":7,"105":7,"106":6,"107":27},"f":{"0":14,"1":12,"2":11,"3":15,"4":0,"5":0,"6":11,"7":15,"8":1,"9":12,"10":7,"11":6,"12":27},"b":{"0":[14,0],"1":[0,0],"2":[1,10],"3":[1,0],"4":[1,0],"5":[1,14],"6":[15,2],"7":[1,0],"8":[0,1],"9":[0,1],"10":[1,13],"11":[14,7],"12":[0,1],"13":[0,13],"14":[13,6],"15":[0,0],"16":[0,15],"17":[15,0],"18":[2,13],"19":[15,6,4],"20":[0,2],"21":[0,15],"22":[0,0],"23":[0,15],"24":[0,0],"25":[0,15],"26":[0,0],"27":[0,15],"28":[0,0],"29":[0,15],"30":[0,0],"31":[0,0],"32":[0,15],"33":[0,0],"34":[0,15],"35":[0,0],"36":[0,0],"37":[0,0],"38":[0,0],"39":[0,0],"40":[0,0],"41":[0,0],"42":[4,7],"43":[11,4],"44":[0,11],"45":[0,1],"46":[0,7],"47":[7,6],"48":[6,0],"49":[15,12]},"_coverageSchema":"43e27e138ebf9cfc5966b082cf9a028302ed4184","hash":"22d702781ed36d4c384dccf85134ceccca9d0b15"}
,"C:\\Users\\b-tho\\Documents\\Workspace\\tl-stratlas\\react-leaflet\\src\\MapComponent.js": {"path":"C:\\Users\\b-tho\\Documents\\Workspace\\tl-stratlas\\react-leaflet\\src\\MapComponent.js","statementMap":{"0":{"start":{"line":11,"column":4},"end":{"line":13,"column":5}},"1":{"start":{"line":12,"column":6},"end":{"line":12,"column":18}},"2":{"start":{"line":14,"column":4},"end":{"line":16,"column":5}},"3":{"start":{"line":15,"column":6},"end":{"line":15,"column":51}},"4":{"start":{"line":17,"column":4},"end":{"line":17,"column":16}}},"fnMap":{"0":{"name":"(anonymous_0)","decl":{"start":{"line":10,"column":2},"end":{"line":10,"column":3}},"loc":{"start":{"line":10,"column":34},"end":{"line":18,"column":3}},"line":10}},"branchMap":{"0":{"loc":{"start":{"line":11,"column":4},"end":{"line":13,"column":5}},"type":"if","locations":[{"start":{"line":11,"column":4},"end":{"line":13,"column":5}},{"start":{"line":11,"column":4},"end":{"line":13,"column":5}}],"line":11},"1":{"loc":{"start":{"line":14,"column":4},"end":{"line":16,"column":5}},"type":"if","locations":[{"start":{"line":14,"column":4},"end":{"line":16,"column":5}},{"start":{"line":14,"column":4},"end":{"line":16,"column":5}}],"line":14},"2":{"loc":{"start":{"line":14,"column":8},"end":{"line":14,"column":59}},"type":"binary-expr","locations":[{"start":{"line":14,"column":8},"end":{"line":14,"column":29}},{"start":{"line":14,"column":33},"end":{"line":14,"column":59}}],"line":14}},"s":{"0":6,"1":2,"2":4,"3":0,"4":4},"f":{"0":6},"b":{"0":[2,4],"1":[0,4],"2":[4,4]},"_coverageSchema":"43e27e138ebf9cfc5966b082cf9a028302ed4184","hash":"377cc8d1b1a10cd56d62a248aaea088f83b43df5"}
,"C:\\Users\\b-tho\\Documents\\Workspace\\tl-stratlas\\react-leaflet\\src\\MapControl.js": {"path":"C:\\Users\\b-tho\\Documents\\Workspace\\tl-stratlas\\react-leaflet\\src\\MapControl.js","statementMap":{"0":{"start":{"line":15,"column":4},"end":{"line":15,"column":16}},"1":{"start":{"line":16,"column":4},"end":{"line":16,"column":63}},"2":{"start":{"line":20,"column":4},"end":{"line":20,"column":65}},"3":{"start":{"line":24,"column":4},"end":{"line":26,"column":5}},"4":{"start":{"line":25,"column":6},"end":{"line":25,"column":55}},"5":{"start":{"line":30,"column":4},"end":{"line":30,"column":53}},"6":{"start":{"line":34,"column":4},"end":{"line":34,"column":52}},"7":{"start":{"line":38,"column":4},"end":{"line":38,"column":32}},"8":{"start":{"line":42,"column":4},"end":{"line":42,"column":15}}},"fnMap":{"0":{"name":"(anonymous_0)","decl":{"start":{"line":14,"column":2},"end":{"line":14,"column":3}},"loc":{"start":{"line":14,"column":28},"end":{"line":17,"column":3}},"line":14},"1":{"name":"(anonymous_1)","decl":{"start":{"line":19,"column":2},"end":{"line":19,"column":3}},"loc":{"start":{"line":19,"column":54},"end":{"line":21,"column":3}},"line":19},"2":{"name":"(anonymous_2)","decl":{"start":{"line":23,"column":2},"end":{"line":23,"column":3}},"loc":{"start":{"line":23,"column":63},"end":{"line":27,"column":3}},"line":23},"3":{"name":"(anonymous_3)","decl":{"start":{"line":29,"column":2},"end":{"line":29,"column":3}},"loc":{"start":{"line":29,"column":22},"end":{"line":31,"column":3}},"line":29},"4":{"name":"(anonymous_4)","decl":{"start":{"line":33,"column":2},"end":{"line":33,"column":3}},"loc":{"start":{"line":33,"column":39},"end":{"line":35,"column":3}},"line":33},"5":{"name":"(anonymous_5)","decl":{"start":{"line":37,"column":2},"end":{"line":37,"column":3}},"loc":{"start":{"line":37,"column":25},"end":{"line":39,"column":3}},"line":37},"6":{"name":"(anonymous_6)","decl":{"start":{"line":41,"column":2},"end":{"line":41,"column":3}},"loc":{"start":{"line":41,"column":14},"end":{"line":43,"column":3}},"line":41}},"branchMap":{"0":{"loc":{"start":{"line":24,"column":4},"end":{"line":26,"column":5}},"type":"if","locations":[{"start":{"line":24,"column":4},"end":{"line":26,"column":5}},{"start":{"line":24,"column":4},"end":{"line":26,"column":5}}],"line":24}},"s":{"0":1,"1":1,"2":0,"3":0,"4":0,"5":1,"6":0,"7":0,"8":0},"f":{"0":1,"1":0,"2":0,"3":1,"4":0,"5":0,"6":0},"b":{"0":[0,0]},"_coverageSchema":"43e27e138ebf9cfc5966b082cf9a028302ed4184","hash":"1b720a6f886ce68d5e36297ee4fb3776c6748b14"}
,"C:\\Users\\b-tho\\Documents\\Workspace\\tl-stratlas\\react-leaflet\\src\\MapEvented.js": {"path":"C:\\Users\\b-tho\\Documents\\Workspace\\tl-stratlas\\react-leaflet\\src\\MapEvented.js","statementMap":{"0":{"start":{"line":6,"column":25},"end":{"line":6,"column":36}},"1":{"start":{"line":19,"column":4},"end":{"line":19,"column":16}},"2":{"start":{"line":20,"column":4},"end":{"line":20,"column":58}},"3":{"start":{"line":24,"column":4},"end":{"line":24,"column":47}},"4":{"start":{"line":28,"column":4},"end":{"line":31,"column":5}},"5":{"start":{"line":35,"column":15},"end":{"line":35,"column":34}},"6":{"start":{"line":36,"column":4},"end":{"line":36,"column":19}},"7":{"start":{"line":36,"column":13},"end":{"line":36,"column":19}},"8":{"start":{"line":38,"column":4},"end":{"line":40,"column":6}},"9":{"start":{"line":39,"column":6},"end":{"line":39,"column":41}},"10":{"start":{"line":44,"column":4},"end":{"line":52,"column":10}},"11":{"start":{"line":45,"column":6},"end":{"line":50,"column":7}},"12":{"start":{"line":46,"column":8},"end":{"line":49,"column":9}},"13":{"start":{"line":47,"column":22},"end":{"line":47,"column":76}},"14":{"start":{"line":47,"column":60},"end":{"line":47,"column":75}},"15":{"start":{"line":48,"column":10},"end":{"line":48,"column":32}},"16":{"start":{"line":51,"column":6},"end":{"line":51,"column":16}},"17":{"start":{"line":59,"column":15},"end":{"line":59,"column":34}},"18":{"start":{"line":60,"column":4},"end":{"line":60,"column":46}},"19":{"start":{"line":60,"column":37},"end":{"line":60,"column":46}},"20":{"start":{"line":62,"column":17},"end":{"line":62,"column":28}},"21":{"start":{"line":63,"column":4},"end":{"line":68,"column":6}},"22":{"start":{"line":64,"column":6},"end":{"line":67,"column":7}},"23":{"start":{"line":65,"column":8},"end":{"line":65,"column":23}},"24":{"start":{"line":66,"column":8},"end":{"line":66,"column":28}},"25":{"start":{"line":70,"column":4},"end":{"line":75,"column":6}},"26":{"start":{"line":71,"column":6},"end":{"line":74,"column":7}},"27":{"start":{"line":72,"column":8},"end":{"line":72,"column":27}},"28":{"start":{"line":73,"column":8},"end":{"line":73,"column":27}},"29":{"start":{"line":77,"column":4},"end":{"line":77,"column":15}},"30":{"start":{"line":81,"column":15},"end":{"line":81,"column":34}},"31":{"start":{"line":82,"column":4},"end":{"line":82,"column":31}},"32":{"start":{"line":82,"column":12},"end":{"line":82,"column":31}}},"fnMap":{"0":{"name":"(anonymous_0)","decl":{"start":{"line":18,"column":2},"end":{"line":18,"column":3}},"loc":{"start":{"line":18,"column":28},"end":{"line":21,"column":3}},"line":18},"1":{"name":"(anonymous_1)","decl":{"start":{"line":23,"column":2},"end":{"line":23,"column":3}},"loc":{"start":{"line":23,"column":22},"end":{"line":25,"column":3}},"line":23},"2":{"name":"(anonymous_2)","decl":{"start":{"line":27,"column":2},"end":{"line":27,"column":3}},"loc":{"start":{"line":27,"column":40},"end":{"line":32,"column":3}},"line":27},"3":{"name":"(anonymous_3)","decl":{"start":{"line":34,"column":2},"end":{"line":34,"column":3}},"loc":{"start":{"line":34,"column":25},"end":{"line":41,"column":3}},"line":34},"4":{"name":"(anonymous_4)","decl":{"start":{"line":38,"column":45},"end":{"line":38,"column":46}},"loc":{"start":{"line":38,"column":51},"end":{"line":40,"column":5}},"line":38},"5":{"name":"(anonymous_5)","decl":{"start":{"line":43,"column":2},"end":{"line":43,"column":3}},"loc":{"start":{"line":43,"column":51},"end":{"line":53,"column":3}},"line":43},"6":{"name":"(anonymous_6)","decl":{"start":{"line":44,"column":37},"end":{"line":44,"column":38}},"loc":{"start":{"line":44,"column":52},"end":{"line":52,"column":5}},"line":44},"7":{"name":"(anonymous_7)","decl":{"start":{"line":47,"column":46},"end":{"line":47,"column":47}},"loc":{"start":{"line":47,"column":60},"end":{"line":47,"column":75}},"line":47},"8":{"name":"(anonymous_8)","decl":{"start":{"line":55,"column":2},"end":{"line":55,"column":3}},"loc":{"start":{"line":58,"column":18},"end":{"line":78,"column":3}},"line":58},"9":{"name":"(anonymous_9)","decl":{"start":{"line":63,"column":30},"end":{"line":63,"column":31}},"loc":{"start":{"line":63,"column":36},"end":{"line":68,"column":5}},"line":63},"10":{"name":"(anonymous_10)","decl":{"start":{"line":70,"column":30},"end":{"line":70,"column":31}},"loc":{"start":{"line":70,"column":36},"end":{"line":75,"column":5}},"line":70},"11":{"name":"(anonymous_11)","decl":{"start":{"line":80,"column":2},"end":{"line":80,"column":3}},"loc":{"start":{"line":80,"column":45},"end":{"line":83,"column":3}},"line":80}},"branchMap":{"0":{"loc":{"start":{"line":36,"column":4},"end":{"line":36,"column":19}},"type":"if","locations":[{"start":{"line":36,"column":4},"end":{"line":36,"column":19}},{"start":{"line":36,"column":4},"end":{"line":36,"column":19}}],"line":36},"1":{"loc":{"start":{"line":45,"column":6},"end":{"line":50,"column":7}},"type":"if","locations":[{"start":{"line":45,"column":6},"end":{"line":50,"column":7}},{"start":{"line":45,"column":6},"end":{"line":50,"column":7}}],"line":45},"2":{"loc":{"start":{"line":46,"column":8},"end":{"line":49,"column":9}},"type":"if","locations":[{"start":{"line":46,"column":8},"end":{"line":49,"column":9}},{"start":{"line":46,"column":8},"end":{"line":49,"column":9}}],"line":46},"3":{"loc":{"start":{"line":56,"column":4},"end":{"line":56,"column":27}},"type":"default-arg","locations":[{"start":{"line":56,"column":25},"end":{"line":56,"column":27}}],"line":56},"4":{"loc":{"start":{"line":57,"column":4},"end":{"line":57,"column":27}},"type":"default-arg","locations":[{"start":{"line":57,"column":25},"end":{"line":57,"column":27}}],"line":57},"5":{"loc":{"start":{"line":60,"column":4},"end":{"line":60,"column":46}},"type":"if","locations":[{"start":{"line":60,"column":4},"end":{"line":60,"column":46}},{"start":{"line":60,"column":4},"end":{"line":60,"column":46}}],"line":60},"6":{"loc":{"start":{"line":60,"column":8},"end":{"line":60,"column":35}},"type":"binary-expr","locations":[{"start":{"line":60,"column":8},"end":{"line":60,"column":18}},{"start":{"line":60,"column":22},"end":{"line":60,"column":35}}],"line":60},"7":{"loc":{"start":{"line":64,"column":6},"end":{"line":67,"column":7}},"type":"if","locations":[{"start":{"line":64,"column":6},"end":{"line":67,"column":7}},{"start":{"line":64,"column":6},"end":{"line":67,"column":7}}],"line":64},"8":{"loc":{"start":{"line":64,"column":10},"end":{"line":64,"column":51}},"type":"binary-expr","locations":[{"start":{"line":64,"column":10},"end":{"line":64,"column":26}},{"start":{"line":64,"column":30},"end":{"line":64,"column":51}}],"line":64},"9":{"loc":{"start":{"line":71,"column":6},"end":{"line":74,"column":7}},"type":"if","locations":[{"start":{"line":71,"column":6},"end":{"line":74,"column":7}},{"start":{"line":71,"column":6},"end":{"line":74,"column":7}}],"line":71},"10":{"loc":{"start":{"line":71,"column":10},"end":{"line":71,"column":51}},"type":"binary-expr","locations":[{"start":{"line":71,"column":10},"end":{"line":71,"column":26}},{"start":{"line":71,"column":30},"end":{"line":71,"column":51}}],"line":71},"11":{"loc":{"start":{"line":82,"column":4},"end":{"line":82,"column":31}},"type":"if","locations":[{"start":{"line":82,"column":4},"end":{"line":82,"column":31}},{"start":{"line":82,"column":4},"end":{"line":82,"column":31}}],"line":82}},"s":{"0":6,"1":23,"2":23,"3":20,"4":18,"5":2,"6":2,"7":0,"8":2,"9":0,"10":41,"11":73,"12":4,"13":4,"14":4,"15":4,"16":73,"17":38,"18":38,"19":2,"20":36,"21":36,"22":2,"23":2,"24":2,"25":36,"26":4,"27":4,"28":4,"29":36,"30":5,"31":5,"32":5},"f":{"0":23,"1":20,"2":18,"3":2,"4":0,"5":41,"6":73,"7":4,"8":38,"9":2,"10":4,"11":5},"b":{"0":[0,2],"1":[4,69],"2":[4,0],"3":[0],"4":[20],"5":[2,36],"6":[38,38],"7":[2,0],"8":[2,1],"9":[4,0],"10":[4,1],"11":[5,0]},"_coverageSchema":"43e27e138ebf9cfc5966b082cf9a028302ed4184","hash":"8db7ce8278e786f89db24a7a4b1771fc526ed23d"}
,"C:\\Users\\b-tho\\Documents\\Workspace\\tl-stratlas\\react-leaflet\\src\\MapLayer.js": {"path":"C:\\Users\\b-tho\\Documents\\Workspace\\tl-stratlas\\react-leaflet\\src\\MapLayer.js","statementMap":{"0":{"start":{"line":18,"column":4},"end":{"line":18,"column":16}},"1":{"start":{"line":19,"column":4},"end":{"line":19,"column":58}},"2":{"start":{"line":23,"column":4},"end":{"line":23,"column":70}},"3":{"start":{"line":27,"column":4},"end":{"line":27,"column":65}},"4":{"start":{"line":33,"column":4},"end":{"line":33,"column":29}},"5":{"start":{"line":34,"column":4},"end":{"line":34,"column":53}},"6":{"start":{"line":38,"column":4},"end":{"line":38,"column":39}},"7":{"start":{"line":40,"column":4},"end":{"line":46,"column":5}},"8":{"start":{"line":41,"column":22},"end":{"line":41,"column":40}},"9":{"start":{"line":42,"column":6},"end":{"line":45,"column":7}},"10":{"start":{"line":43,"column":8},"end":{"line":43,"column":71}},"11":{"start":{"line":44,"column":8},"end":{"line":44,"column":69}},"12":{"start":{"line":48,"column":4},"end":{"line":48,"column":52}},"13":{"start":{"line":52,"column":4},"end":{"line":52,"column":32}},"14":{"start":{"line":53,"column":4},"end":{"line":53,"column":56}},"15":{"start":{"line":57,"column":25},"end":{"line":57,"column":35}},"16":{"start":{"line":58,"column":4},"end":{"line":60,"column":5}},"17":{"start":{"line":59,"column":6},"end":{"line":59,"column":17}},"18":{"start":{"line":61,"column":4},"end":{"line":65,"column":5}}},"fnMap":{"0":{"name":"(anonymous_0)","decl":{"start":{"line":17,"column":2},"end":{"line":17,"column":3}},"loc":{"start":{"line":17,"column":28},"end":{"line":20,"column":3}},"line":17},"1":{"name":"(anonymous_1)","decl":{"start":{"line":22,"column":2},"end":{"line":22,"column":3}},"loc":{"start":{"line":22,"column":30},"end":{"line":24,"column":3}},"line":22},"2":{"name":"(anonymous_2)","decl":{"start":{"line":26,"column":2},"end":{"line":26,"column":3}},"loc":{"start":{"line":26,"column":54},"end":{"line":28,"column":3}},"line":26},"3":{"name":"(anonymous_3)","decl":{"start":{"line":30,"column":2},"end":{"line":30,"column":3}},"loc":{"start":{"line":30,"column":59},"end":{"line":30,"column":61}},"line":30},"4":{"name":"(anonymous_4)","decl":{"start":{"line":32,"column":2},"end":{"line":32,"column":3}},"loc":{"start":{"line":32,"column":22},"end":{"line":35,"column":3}},"line":32},"5":{"name":"(anonymous_5)","decl":{"start":{"line":37,"column":2},"end":{"line":37,"column":3}},"loc":{"start":{"line":37,"column":39},"end":{"line":49,"column":3}},"line":37},"6":{"name":"(anonymous_6)","decl":{"start":{"line":51,"column":2},"end":{"line":51,"column":3}},"loc":{"start":{"line":51,"column":25},"end":{"line":54,"column":3}},"line":51},"7":{"name":"(anonymous_7)","decl":{"start":{"line":56,"column":2},"end":{"line":56,"column":3}},"loc":{"start":{"line":56,"column":11},"end":{"line":66,"column":3}},"line":56}},"branchMap":{"0":{"loc":{"start":{"line":23,"column":11},"end":{"line":23,"column":70}},"type":"binary-expr","locations":[{"start":{"line":23,"column":11},"end":{"line":23,"column":44}},{"start":{"line":23,"column":48},"end":{"line":23,"column":70}}],"line":23},"1":{"loc":{"start":{"line":40,"column":4},"end":{"line":46,"column":5}},"type":"if","locations":[{"start":{"line":40,"column":4},"end":{"line":46,"column":5}},{"start":{"line":40,"column":4},"end":{"line":46,"column":5}}],"line":40},"2":{"loc":{"start":{"line":42,"column":6},"end":{"line":45,"column":7}},"type":"if","locations":[{"start":{"line":42,"column":6},"end":{"line":45,"column":7}},{"start":{"line":42,"column":6},"end":{"line":45,"column":7}}],"line":42},"3":{"loc":{"start":{"line":42,"column":10},"end":{"line":42,"column":55}},"type":"binary-expr","locations":[{"start":{"line":42,"column":10},"end":{"line":42,"column":21}},{"start":{"line":42,"column":25},"end":{"line":42,"column":55}}],"line":42},"4":{"loc":{"start":{"line":58,"column":4},"end":{"line":60,"column":5}},"type":"if","locations":[{"start":{"line":58,"column":4},"end":{"line":60,"column":5}},{"start":{"line":58,"column":4},"end":{"line":60,"column":5}}],"line":58},"5":{"loc":{"start":{"line":61,"column":11},"end":{"line":65,"column":5}},"type":"cond-expr","locations":[{"start":{"line":62,"column":6},"end":{"line":62,"column":37}},{"start":{"line":64,"column":6},"end":{"line":64,"column":77}}],"line":61}},"s":{"0":5,"1":5,"2":5,"3":0,"4":5,"5":5,"6":1,"7":1,"8":0,"9":0,"10":0,"11":0,"12":1,"13":0,"14":0,"15":1,"16":1,"17":0,"18":1},"f":{"0":5,"1":5,"2":0,"3":0,"4":5,"5":1,"6":0,"7":1},"b":{"0":[5,0],"1":[0,1],"2":[0,0],"3":[0,0],"4":[0,1],"5":[0,1]},"_coverageSchema":"43e27e138ebf9cfc5966b082cf9a028302ed4184","hash":"9acf186b322461a40cbd58bd9f805afce322503a"}
,"C:\\Users\\b-tho\\Documents\\Workspace\\tl-stratlas\\react-leaflet\\src\\Marker.js": {"path":"C:\\Users\\b-tho\\Documents\\Workspace\\tl-stratlas\\react-leaflet\\src\\Marker.js","statementMap":{"0":{"start":{"line":21,"column":15},"end":{"line":21,"column":72}},"1":{"start":{"line":22,"column":4},"end":{"line":22,"column":64}},"2":{"start":{"line":23,"column":4},"end":{"line":23,"column":13}},"3":{"start":{"line":27,"column":4},"end":{"line":29,"column":5}},"4":{"start":{"line":28,"column":6},"end":{"line":28,"column":53}},"5":{"start":{"line":30,"column":4},"end":{"line":32,"column":5}},"6":{"start":{"line":31,"column":6},"end":{"line":31,"column":47}},"7":{"start":{"line":33,"column":4},"end":{"line":35,"column":5}},"8":{"start":{"line":34,"column":6},"end":{"line":34,"column":63}},"9":{"start":{"line":36,"column":4},"end":{"line":38,"column":5}},"10":{"start":{"line":37,"column":6},"end":{"line":37,"column":53}},"11":{"start":{"line":39,"column":4},"end":{"line":45,"column":5}},"12":{"start":{"line":40,"column":6},"end":{"line":44,"column":7}},"13":{"start":{"line":41,"column":8},"end":{"line":41,"column":45}},"14":{"start":{"line":43,"column":8},"end":{"line":43,"column":46}},"15":{"start":{"line":49,"column":25},"end":{"line":49,"column":35}},"16":{"start":{"line":50,"column":4},"end":{"line":52,"column":5}}},"fnMap":{"0":{"name":"(anonymous_0)","decl":{"start":{"line":20,"column":2},"end":{"line":20,"column":3}},"loc":{"start":{"line":20,"column":53},"end":{"line":24,"column":3}},"line":20},"1":{"name":"(anonymous_1)","decl":{"start":{"line":26,"column":2},"end":{"line":26,"column":3}},"loc":{"start":{"line":26,"column":57},"end":{"line":46,"column":3}},"line":26},"2":{"name":"(anonymous_2)","decl":{"start":{"line":48,"column":2},"end":{"line":48,"column":3}},"loc":{"start":{"line":48,"column":11},"end":{"line":53,"column":3}},"line":48}},"branchMap":{"0":{"loc":{"start":{"line":27,"column":4},"end":{"line":29,"column":5}},"type":"if","locations":[{"start":{"line":27,"column":4},"end":{"line":29,"column":5}},{"start":{"line":27,"column":4},"end":{"line":29,"column":5}}],"line":27},"1":{"loc":{"start":{"line":30,"column":4},"end":{"line":32,"column":5}},"type":"if","locations":[{"start":{"line":30,"column":4},"end":{"line":32,"column":5}},{"start":{"line":30,"column":4},"end":{"line":32,"column":5}}],"line":30},"2":{"loc":{"start":{"line":33,"column":4},"end":{"line":35,"column":5}},"type":"if","locations":[{"start":{"line":33,"column":4},"end":{"line":35,"column":5}},{"start":{"line":33,"column":4},"end":{"line":35,"column":5}}],"line":33},"3":{"loc":{"start":{"line":36,"column":4},"end":{"line":38,"column":5}},"type":"if","locations":[{"start":{"line":36,"column":4},"end":{"line":38,"column":5}},{"start":{"line":36,"column":4},"end":{"line":38,"column":5}}],"line":36},"4":{"loc":{"start":{"line":39,"column":4},"end":{"line":45,"column":5}},"type":"if","locations":[{"start":{"line":39,"column":4},"end":{"line":45,"column":5}},{"start":{"line":39,"column":4},"end":{"line":45,"column":5}}],"line":39},"5":{"loc":{"start":{"line":40,"column":6},"end":{"line":44,"column":7}},"type":"if","locations":[{"start":{"line":40,"column":6},"end":{"line":44,"column":7}},{"start":{"line":40,"column":6},"end":{"line":44,"column":7}}],"line":40},"6":{"loc":{"start":{"line":50,"column":11},"end":{"line":52,"column":5}},"type":"cond-expr","locations":[{"start":{"line":50,"column":59},"end":{"line":50,"column":63}},{"start":{"line":51,"column":6},"end":{"line":51,"column":77}}],"line":50},"7":{"loc":{"start":{"line":50,"column":11},"end":{"line":50,"column":56}},"type":"binary-expr","locations":[{"start":{"line":50,"column":11},"end":{"line":50,"column":27}},{"start":{"line":50,"column":31},"end":{"line":50,"column":56}}],"line":50}},"s":{"0":1,"1":1,"2":1,"3":0,"4":0,"5":0,"6":0,"7":0,"8":0,"9":0,"10":0,"11":0,"12":0,"13":0,"14":0,"15":1,"16":1},"f":{"0":1,"1":0,"2":1},"b":{"0":[0,0],"1":[0,0],"2":[0,0],"3":[0,0],"4":[0,0],"5":[0,0],"6":[1,0],"7":[1,0]},"_coverageSchema":"43e27e138ebf9cfc5966b082cf9a028302ed4184","hash":"dcc07d1d4f3e88a7c32e14f142da4b89f62423a2"}
,"C:\\Users\\b-tho\\Documents\\Workspace\\tl-stratlas\\react-leaflet\\src\\Pane.js": {"path":"C:\\Users\\b-tho\\Documents\\Workspace\\tl-stratlas\\react-leaflet\\src\\Pane.js","statementMap":{"0":{"start":{"line":12,"column":16},"end":{"line":12,"column":17}},"1":{"start":{"line":13,"column":17},"end":{"line":13,"column":34}},"2":{"start":{"line":13,"column":23},"end":{"line":13,"column":34}},"3":{"start":{"line":15,"column":22},"end":{"line":23,"column":1}},"4":{"start":{"line":25,"column":16},"end":{"line":25,"column":26}},"5":{"start":{"line":27,"column":22},"end":{"line":29,"column":1}},"6":{"start":{"line":28,"column":2},"end":{"line":28,"column":64}},"7":{"start":{"line":31,"column":19},"end":{"line":37,"column":1}},"8":{"start":{"line":54,"column":10},"end":{"line":57,"column":3}},"9":{"start":{"line":60,"column":4},"end":{"line":60,"column":31}},"10":{"start":{"line":64,"column":4},"end":{"line":68,"column":5}},"11":{"start":{"line":67,"column":6},"end":{"line":67,"column":12}},"12":{"start":{"line":72,"column":4},"end":{"line":87,"column":5}},"13":{"start":{"line":73,"column":6},"end":{"line":73,"column":23}},"14":{"start":{"line":74,"column":6},"end":{"line":74,"column":33}},"15":{"start":{"line":78,"column":6},"end":{"line":83,"column":7}},"16":{"start":{"line":79,"column":21},"end":{"line":79,"column":50}},"17":{"start":{"line":80,"column":8},"end":{"line":82,"column":9}},"18":{"start":{"line":81,"column":10},"end":{"line":81,"column":52}},"19":{"start":{"line":86,"column":6},"end":{"line":86,"column":31}},"20":{"start":{"line":91,"column":4},"end":{"line":91,"column":21}},"21":{"start":{"line":95,"column":20},"end":{"line":95,"column":33}},"22":{"start":{"line":96,"column":17},"end":{"line":96,"column":51}},"23":{"start":{"line":98,"column":4},"end":{"line":115,"column":5}},"24":{"start":{"line":99,"column":24},"end":{"line":99,"column":43}},"25":{"start":{"line":100,"column":23},"end":{"line":100,"column":54}},"26":{"start":{"line":102,"column":6},"end":{"line":109,"column":7}},"27":{"start":{"line":103,"column":8},"end":{"line":103,"column":50}},"28":{"start":{"line":105,"column":24},"end":{"line":107,"column":61}},"29":{"start":{"line":108,"column":8},"end":{"line":108,"column":31}},"30":{"start":{"line":111,"column":6},"end":{"line":114,"column":7}},"31":{"start":{"line":120,"column":21},"end":{"line":120,"column":31}},"32":{"start":{"line":121,"column":4},"end":{"line":130,"column":5}},"33":{"start":{"line":122,"column":19},"end":{"line":122,"column":37}},"34":{"start":{"line":123,"column":6},"end":{"line":123,"column":52}},"35":{"start":{"line":123,"column":39},"end":{"line":123,"column":52}},"36":{"start":{"line":125,"column":22},"end":{"line":125,"column":40}},"37":{"start":{"line":126,"column":6},"end":{"line":129,"column":7}},"38":{"start":{"line":127,"column":8},"end":{"line":127,"column":43}},"39":{"start":{"line":128,"column":8},"end":{"line":128,"column":59}},"40":{"start":{"line":133,"column":13},"end":{"line":148,"column":3}},"41":{"start":{"line":134,"column":17},"end":{"line":134,"column":46}},"42":{"start":{"line":135,"column":4},"end":{"line":147,"column":5}},"43":{"start":{"line":136,"column":6},"end":{"line":138,"column":7}},"44":{"start":{"line":137,"column":8},"end":{"line":137,"column":37}},"45":{"start":{"line":139,"column":6},"end":{"line":146,"column":7}},"46":{"start":{"line":143,"column":8},"end":{"line":145,"column":10}},"47":{"start":{"line":144,"column":10},"end":{"line":144,"column":38}},"48":{"start":{"line":151,"column":4},"end":{"line":151,"column":67}},"49":{"start":{"line":155,"column":4},"end":{"line":157,"column":5}},"50":{"start":{"line":156,"column":6},"end":{"line":156,"column":49}},"51":{"start":{"line":161,"column":24},"end":{"line":161,"column":34}},"52":{"start":{"line":162,"column":4},"end":{"line":166,"column":12}}},"fnMap":{"0":{"name":"(anonymous_0)","decl":{"start":{"line":13,"column":17},"end":{"line":13,"column":18}},"loc":{"start":{"line":13,"column":23},"end":{"line":13,"column":34}},"line":13},"1":{"name":"(anonymous_1)","decl":{"start":{"line":27,"column":22},"end":{"line":27,"column":23}},"loc":{"start":{"line":27,"column":49},"end":{"line":29,"column":1}},"line":27},"2":{"name":"(anonymous_2)","decl":{"start":{"line":59,"column":2},"end":{"line":59,"column":3}},"loc":{"start":{"line":59,"column":22},"end":{"line":61,"column":3}},"line":59},"3":{"name":"(anonymous_3)","decl":{"start":{"line":63,"column":2},"end":{"line":63,"column":3}},"loc":{"start":{"line":63,"column":39},"end":{"line":88,"column":3}},"line":63},"4":{"name":"(anonymous_4)","decl":{"start":{"line":90,"column":2},"end":{"line":90,"column":3}},"loc":{"start":{"line":90,"column":25},"end":{"line":92,"column":3}},"line":90},"5":{"name":"(anonymous_5)","decl":{"start":{"line":94,"column":2},"end":{"line":94,"column":3}},"loc":{"start":{"line":94,"column":27},"end":{"line":116,"column":3}},"line":94},"6":{"name":"(anonymous_6)","decl":{"start":{"line":118,"column":2},"end":{"line":118,"column":3}},"loc":{"start":{"line":118,"column":15},"end":{"line":131,"column":3}},"line":118},"7":{"name":"(anonymous_7)","decl":{"start":{"line":133,"column":13},"end":{"line":133,"column":14}},"loc":{"start":{"line":133,"column":59},"end":{"line":148,"column":3}},"line":133},"8":{"name":"(anonymous_8)","decl":{"start":{"line":143,"column":35},"end":{"line":143,"column":36}},"loc":{"start":{"line":143,"column":49},"end":{"line":145,"column":9}},"line":143},"9":{"name":"(anonymous_9)","decl":{"start":{"line":150,"column":2},"end":{"line":150,"column":3}},"loc":{"start":{"line":150,"column":32},"end":{"line":152,"column":3}},"line":150},"10":{"name":"(anonymous_10)","decl":{"start":{"line":154,"column":2},"end":{"line":154,"column":3}},"loc":{"start":{"line":154,"column":39},"end":{"line":158,"column":3}},"line":154},"11":{"name":"(anonymous_11)","decl":{"start":{"line":160,"column":2},"end":{"line":160,"column":3}},"loc":{"start":{"line":160,"column":11},"end":{"line":167,"column":3}},"line":160}},"branchMap":{"0":{"loc":{"start":{"line":64,"column":4},"end":{"line":68,"column":5}},"type":"if","locations":[{"start":{"line":64,"column":4},"end":{"line":68,"column":5}},{"start":{"line":64,"column":4},"end":{"line":68,"column":5}}],"line":64},"1":{"loc":{"start":{"line":72,"column":4},"end":{"line":87,"column":5}},"type":"if","locations":[{"start":{"line":72,"column":4},"end":{"line":87,"column":5}},{"start":{"line":72,"column":4},"end":{"line":87,"column":5}}],"line":72},"2":{"loc":{"start":{"line":78,"column":6},"end":{"line":83,"column":7}},"type":"if","locations":[{"start":{"line":78,"column":6},"end":{"line":83,"column":7}},{"start":{"line":78,"column":6},"end":{"line":83,"column":7}}],"line":78},"3":{"loc":{"start":{"line":78,"column":10
[...]
:{"line":37,"column":38}},"9":{"start":{"line":37,"column":32},"end":{"line":37,"column":38}},"10":{"start":{"line":39,"column":4},"end":{"line":42,"column":6}},"11":{"start":{"line":43,"column":4},"end":{"line":45,"column":5}},"12":{"start":{"line":44,"column":6},"end":{"line":44,"column":55}},"13":{"start":{"line":48,"column":18},"end":{"line":52,"column":3}},"14":{"start":{"line":49,"column":4},"end":{"line":51,"column":5}},"15":{"start":{"line":50,"column":6},"end":{"line":50,"column":19}},"16":{"start":{"line":54,"column":19},"end":{"line":58,"column":3}},"17":{"start":{"line":55,"column":4},"end":{"line":57,"column":5}},"18":{"start":{"line":56,"column":6},"end":{"line":56,"column":20}}},"fnMap":{"0":{"name":"(anonymous_0)","decl":{"start":{"line":17,"column":2},"end":{"line":17,"column":3}},"loc":{"start":{"line":17,"column":53},"end":{"line":22,"column":3}},"line":17},"1":{"name":"(anonymous_1)","decl":{"start":{"line":24,"column":2},"end":{"line":24,"column":3}},"loc":{"start":{"line":24,"column":22},"end":{"line":33,"column":3}},"line":24},"2":{"name":"(anonymous_2)","decl":{"start":{"line":35,"column":2},"end":{"line":35,"column":3}},"loc":{"start":{"line":35,"column":25},"end":{"line":46,"column":3}},"line":35},"3":{"name":"(anonymous_3)","decl":{"start":{"line":48,"column":18},"end":{"line":48,"column":19}},"loc":{"start":{"line":48,"column":64},"end":{"line":52,"column":3}},"line":48},"4":{"name":"(anonymous_4)","decl":{"start":{"line":54,"column":19},"end":{"line":54,"column":20}},"loc":{"start":{"line":54,"column":65},"end":{"line":58,"column":3}},"line":54}},"branchMap":{"0":{"loc":{"start":{"line":26,"column":4},"end":{"line":26,"column":38}},"type":"if","locations":[{"start":{"line":26,"column":4},"end":{"line":26,"column":38}},{"start":{"line":26,"column":4},"end":{"line":26,"column":38}}],"line":26},"1":{"loc":{"start":{"line":37,"column":4},"end":{"line":37,"column":38}},"type":"if","locations":[{"start":{"line":37,"column":4},"end":{"line":37,"column":38}},{"start":{"line":37,"column":4},"end":{"line":37,"column":38}}],"line":37},"2":{"loc":{"start":{"line":43,"column":4},"end":{"line":45,"column":5}},"type":"if","locations":[{"start":{"line":43,"column":4},"end":{"line":45,"column":5}},{"start":{"line":43,"column":4},"end":{"line":45,"column":5}}],"line":43},"3":{"loc":{"start":{"line":49,"column":4},"end":{"line":51,"column":5}},"type":"if","locations":[{"start":{"line":49,"column":4},"end":{"line":51,"column":5}},{"start":{"line":49,"column":4},"end":{"line":51,"column":5}}],"line":49},"4":{"loc":{"start":{"line":55,"column":4},"end":{"line":57,"column":5}},"type":"if","locations":[{"start":{"line":55,"column":4},"end":{"line":57,"column":5}},{"start":{"line":55,"column":4},"end":{"line":57,"column":5}}],"line":55}},"s":{"0":4,"1":0,"2":0,"3":0,"4":0,"5":0,"6":0,"7":0,"8":0,"9":0,"10":0,"11":0,"12":0,"13":0,"14":0,"15":0,"16":0,"17":0,"18":0},"f":{"0":0,"1":0,"2":0,"3":0,"4":0},"b":{"0":[0,0],"1":[0,0],"2":[0,0],"3":[0,0],"4":[0,0]},"_coverageSchema":"43e27e138ebf9cfc5966b082cf9a028302ed4184","hash":"fe92250ac0ce3d92b729900a07bea1d944fb5845"}
,"C:\\Users\\b-tho\\Documents\\Workspace\\tl-stratlas\\react-leaflet\\src\\VideoOverlay.js": {"path":"C:\\Users\\b-tho\\Documents\\Workspace\\tl-stratlas\\react-leaflet\\src\\VideoOverlay.js","statementMap":{"0":{"start":{"line":21,"column":4},"end":{"line":25,"column":5}},"1":{"start":{"line":29,"column":4},"end":{"line":29,"column":29}},"2":{"start":{"line":30,"column":4},"end":{"line":32,"column":5}},"3":{"start":{"line":31,"column":6},"end":{"line":31,"column":45}},"4":{"start":{"line":36,"column":4},"end":{"line":38,"column":5}},"5":{"start":{"line":37,"column":6},"end":{"line":37,"column":45}},"6":{"start":{"line":39,"column":4},"end":{"line":41,"column":5}},"7":{"start":{"line":40,"column":6},"end":{"line":40,"column":65}},"8":{"start":{"line":42,"column":4},"end":{"line":44,"column":5}},"9":{"start":{"line":43,"column":6},"end":{"line":43,"column":53}},"10":{"start":{"line":45,"column":4},"end":{"line":47,"column":5}},"11":{"start":{"line":46,"column":6},"end":{"line":46,"column":51}},"12":{"start":{"line":49,"column":4},"end":{"line":54,"column":5}},"13":{"start":{"line":50,"column":6},"end":{"line":50,"column":45}},"14":{"start":{"line":52,"column":11},"end":{"line":54,"column":5}},"15":{"start":{"line":53,"column":6},"end":{"line":53,"column":46}}},"fnMap":{"0":{"name":"(anonymous_0)","decl":{"start":{"line":20,"column":2},"end":{"line":20,"column":3}},"loc":{"start":{"line":20,"column":53},"end":{"line":26,"column":3}},"line":20},"1":{"name":"(anonymous_1)","decl":{"start":{"line":28,"column":2},"end":{"line":28,"column":3}},"loc":{"start":{"line":28,"column":22},"end":{"line":33,"column":3}},"line":28},"2":{"name":"(anonymous_2)","decl":{"start":{"line":35,"column":2},"end":{"line":35,"column":3}},"loc":{"start":{"line":35,"column":57},"end":{"line":55,"column":3}},"line":35}},"branchMap":{"0":{"loc":{"start":{"line":30,"column":4},"end":{"line":32,"column":5}},"type":"if","locations":[{"start":{"line":30,"column":4},"end":{"line":32,"column":5}},{"start":{"line":30,"column":4},"end":{"line":32,"column":5}}],"line":30},"1":{"loc":{"start":{"line":36,"column":4},"end":{"line":38,"column":5}},"type":"if","locations":[{"start":{"line":36,"column":4},"end":{"line":38,"column":5}},{"start":{"line":36,"column":4},"end":{"line":38,"column":5}}],"line":36},"2":{"loc":{"start":{"line":39,"column":4},"end":{"line":41,"column":5}},"type":"if","locations":[{"start":{"line":39,"column":4},"end":{"line":41,"column":5}},{"start":{"line":39,"column":4},"end":{"line":41,"column":5}}],"line":39},"3":{"loc":{"start":{"line":42,"column":4},"end":{"line":44,"column":5}},"type":"if","locations":[{"start":{"line":42,"column":4},"end":{"line":44,"column":5}},{"start":{"line":42,"column":4},"end":{"line":44,"column":5}}],"line":42},"4":{"loc":{"start":{"line":45,"column":4},"end":{"line":47,"column":5}},"type":"if","locations":[{"start":{"line":45,"column":4},"end":{"line":47,"column":5}},{"start":{"line":45,"column":4},"end":{"line":47,"column":5}}],"line":45},"5":{"loc":{"start":{"line":49,"column":4},"end":{"line":54,"column":5}},"type":"if","locations":[{"start":{"line":49,"column":4},"end":{"line":54,"column":5}},{"start":{"line":49,"column":4},"end":{"line":54,"column":5}}],"line":49},"6":{"loc":{"start":{"line":49,"column":8},"end":{"line":49,"column":48}},"type":"binary-expr","locations":[{"start":{"line":49,"column":8},"end":{"line":49,"column":29}},{"start":{"line":49,"column":33},"end":{"line":49,"column":48}}],"line":49},"7":{"loc":{"start":{"line":52,"column":11},"end":{"line":54,"column":5}},"type":"if","locations":[{"start":{"line":52,"column":11},"end":{"line":54,"column":5}},{"start":{"line":52,"column":11},"end":{"line":54,"column":5}}],"line":52},"8":{"loc":{"start":{"line":52,"column":15},"end":{"line":52,"column":55}},"type":"binary-expr","locations":[{"start":{"line":52,"column":15},"end":{"line":52,"column":28}},{"start":{"line":52,"column":32},"end":{"line":52,"column":55}}],"line":52}},"s":{"0":0,"1":0,"2":0,"3":0,"4":0,"5":0,"6":0,"7":0,"8":0,"9":0,"10":0,"11":0,"12":0,"13":0,"14":0,"15":0},"f":{"0":0,"1":0,"2":0},"b":{"0":[0,0],"1":[0,0],"2":[0,0],"3":[0,0],"4":[0,0],"5":[0,0],"6":[0,0],"7":[0,0],"8":[0,0]},"_coverageSchema":"43e27e138ebf9cfc5966b082cf9a028302ed4184","hash":"ddc7fdb27a82c5ad8cc9b92351fbe45f8fe1fa07"}
,"C:\\Users\\b-tho\\Documents\\Workspace\\tl-stratlas\\react-leaflet\\src\\WMSTileLayer.js": {"path":"C:\\Users\\b-tho\\Documents\\Workspace\\tl-stratlas\\react-leaflet\\src\\WMSTileLayer.js","statementMap":{"0":{"start":{"line":16,"column":31},"end":{"line":16,"column":36}},"1":{"start":{"line":17,"column":4},"end":{"line":17,"column":58}},"2":{"start":{"line":21,"column":4},"end":{"line":21,"column":50}},"3":{"start":{"line":23,"column":71},"end":{"line":23,"column":80}},"4":{"start":{"line":24,"column":56},"end":{"line":24,"column":63}},"5":{"start":{"line":26,"column":4},"end":{"line":28,"column":5}},"6":{"start":{"line":27,"column":6},"end":{"line":27,"column":37}},"7":{"start":{"line":29,"column":4},"end":{"line":31,"column":5}},"8":{"start":{"line":30,"column":6},"end":{"line":30,"column":43}},"9":{"start":{"line":35,"column":25},"end":{"line":35,"column":49}},"10":{"start":{"line":36,"column":4},"end":{"line":41,"column":10}},"11":{"start":{"line":37,"column":6},"end":{"line":39,"column":7}},"12":{"start":{"line":38,"column":8},"end":{"line":38,"column":40}},"13":{"start":{"line":40,"column":6},"end":{"line":40,"column":20}}},"fnMap":{"0":{"name":"(anonymous_0)","decl":{"start":{"line":15,"column":2},"end":{"line":15,"column":3}},"loc":{"start":{"line":15,"column":53},"end":{"line":18,"column":3}},"line":15},"1":{"name":"(anonymous_1)","decl":{"start":{"line":20,"column":2},"end":{"line":20,"column":3}},"loc":{"start":{"line":20,"column":57},"end":{"line":32,"column":3}},"line":20},"2":{"name":"(anonymous_2)","decl":{"start":{"line":34,"column":2},"end":{"line":34,"column":3}},"loc":{"start":{"line":34,"column":37},"end":{"line":42,"column":3}},"line":34},"3":{"name":"(anonymous_3)","decl":{"start":{"line":36,"column":44},"end":{"line":36,"column":45}},"loc":{"start":{"line":36,"column":62},"end":{"line":41,"column":5}},"line":36}},"branchMap":{"0":{"loc":{"start":{"line":26,"column":4},"end":{"line":28,"column":5}},"type":"if","locations":[{"start":{"line":26,"column":4},"end":{"line":28,"column":5}},{"start":{"line":26,"column":4},"end":{"line":28,"column":5}}],"line":26},"1":{"loc":{"start":{"line":29,"column":4},"end":{"line":31,"column":5}},"type":"if","locations":[{"start":{"line":29,"column":4},"end":{"line":31,"column":5}},{"start":{"line":29,"column":4},"end":{"line":31,"column":5}}],"line":29},"2":{"loc":{"start":{"line":37,"column":6},"end":{"line":39,"column":7}},"type":"if","locations":[{"start":{"line":37,"column":6},"end":{"line":39,"column":7}},{"start":{"line":37,"column":6},"end":{"line":39,"column":7}}],"line":37}},"s":{"0":0,"1":0,"2":0,"3":0,"4":0,"5":0,"6":0,"7":0,"8":0,"9":0,"10":0,"11":0,"12":0,"13":0},"f":{"0":0,"1":0,"2":0,"3":0},"b":{"0":[0,0],"1":[0,0],"2":[0,0]},"_coverageSchema":"43e27e138ebf9cfc5966b082cf9a028302ed4184","hash":"825ac2619410329c98e1be4731fa1f53035b9804"}
,"C:\\Users\\b-tho\\Documents\\Workspace\\tl-stratlas\\react-leaflet\\src\\ZoomControl.js": {"path":"C:\\Users\\b-tho\\Documents\\Workspace\\tl-stratlas\\react-leaflet\\src\\ZoomControl.js","statementMap":{"0":{"start":{"line":19,"column":4},"end":{"line":19,"column":34}}},"fnMap":{"0":{"name":"(anonymous_0)","decl":{"start":{"line":18,"column":2},"end":{"line":18,"column":3}},"loc":{"start":{"line":18,"column":53},"end":{"line":20,"column":3}},"line":18}},"branchMap":{},"s":{"0":0},"f":{"0":0},"b":{},"_coverageSchema":"43e27e138ebf9cfc5966b082cf9a028302ed4184","hash":"da5fc3795f0de204c21bfa307fe39f8f99877d11"}
,"C:\\Users\\b-tho\\Documents\\Workspace\\tl-stratlas\\react-leaflet\\src\\context.js": {"path":"C:\\Users\\b-tho\\Documents\\Workspace\\tl-stratlas\\react-leaflet\\src\\context.js","statementMap":{"0":{"start":{"line":8,"column":31},"end":{"line":8,"column":64}},"1":{"start":{"line":10,"column":31},"end":{"line":10,"column":39}},"2":{"start":{"line":11,"column":31},"end":{"line":11,"column":39}},"3":{"start":{"line":13,"column":27},"end":{"line":32,"column":1}},"4":{"start":{"line":16,"column":31},"end":{"line":22,"column":3}},"5":{"start":{"line":17,"column":4},"end":{"line":21,"column":15}},"6":{"start":{"line":19,"column":8},"end":{"line":19,"column":67}},"7":{"start":{"line":25,"column":4},"end":{"line":25,"column":72}},"8":{"start":{"line":26,"column":2},"end":{"line":26,"column":55}},"9":{"start":{"line":28,"column":27},"end":{"line":28,"column":59}},"10":{"start":{"line":29,"column":2},"end":{"line":29,"column":58}},"11":{"start":{"line":31,"column":2},"end":{"line":31,"column":25}}},"fnMap":{"0":{"name":"(anonymous_0)","decl":{"start":{"line":13,"column":27},"end":{"line":13,"column":28}},"loc":{"start":{"line":15,"column":78},"end":{"line":32,"column":1}},"line":15},"1":{"name":"(anonymous_1)","decl":{"start":{"line":16,"column":31},"end":{"line":16,"column":32}},"loc":{"start":{"line":17,"column":4},"end":{"line":21,"column":15}},"line":17},"2":{"name":"(anonymous_2)","decl":{"start":{"line":18,"column":7},"end":{"line":18,"column":8}},"loc":{"start":{"line":19,"column":8},"end":{"line":19,"column":67}},"line":19}},"branchMap":{"0":{"loc":{"start":{"line":25,"column":4},"end":{"line":25,"column":72}},"type":"binary-expr","locations":[{"start":{"line":25,"column":4},"end":{"line":25,"column":32}},{"start":{"line":25,"column":36},"end":{"line":25,"column":57}},{"start":{"line":25,"column":61},"end":{"line":25,"column":72}}],"line":25}},"s":{"0":5,"1":5,"2":5,"3":5,"4":83,"5":11,"6":11,"7":83,"8":83,"9":83,"10":83,"11":83},"f":{"0":83,"1":11,"2":11},"b":{"0":[83,83,0]},"_coverageSchema":"43e27e138ebf9cfc5966b082cf9a028302ed4184","hash":"3b718e1a4880a079dd358e61fb58094edd976029"}
,"C:\\Users\\b-tho\\Documents\\Workspace\\tl-stratlas\\react-leaflet\\src\\index.js": {"path":"C:\\Users\\b-tho\\Documents\\Workspace\\tl-stratlas\\react-leaflet\\src\\index.js","statementMap":{},"fnMap":{},"branchMap":{},"s":{},"f":{},"b":{},"_coverageSchema":"43e27e138ebf9cfc5966b082cf9a028302ed4184","hash":"cd0d90d10e2d4c120d306c860615d10bee361dc0"}
,"C:\\Users\\b-tho\\Documents\\Workspace\\tl-stratlas\\react-leaflet\\src\\utils\\omit.js": {"path":"C:\\Users\\b-tho\\Documents\\Workspace\\tl-stratlas\\react-leaflet\\src\\utils\\omit.js","statementMap":{"0":{"start":{"line":7,"column":2},"end":{"line":12,"column":8}},"1":{"start":{"line":8,"column":4},"end":{"line":10,"column":5}},"2":{"start":{"line":9,"column":6},"end":{"line":9,"column":25}},"3":{"start":{"line":11,"column":4},"end":{"line":11,"column":14}}},"fnMap":{"0":{"name":"omit","decl":{"start":{"line":3,"column":24},"end":{"line":3,"column":28}},"loc":{"start":{"line":6,"column":10},"end":{"line":13,"column":1}},"line":6},"1":{"name":"(anonymous_1)","decl":{"start":{"line":7,"column":33},"end":{"line":7,"column":34}},"loc":{"start":{"line":7,"column":47},"end":{"line":12,"column":3}},"line":7}},"branchMap":{"0":{"loc":{"start":{"line":8,"column":4},"end":{"line":10,"column":5}},"type":"if","locations":[{"start":{"line":8,"column":4},"end":{"line":10,"column":5}},{"start":{"line":8,"column":4},"end":{"line":10,"column":5}}],"line":8}},"s":{"0":11,"1":20,"2":15,"3":20},"f":{"0":11,"1":20},"b":{"0":[15,5]},"_coverageSchema":"43e27e138ebf9cfc5966b082cf9a028302ed4184","hash":"3287bb6381288c51d670c97b7ef8bd67744df3fc"}
,"C:\\Users\\b-tho\\Documents\\Workspace\\tl-stratlas\\react-leaflet\\src\\utils\\pick.js": {"path":"C:\\Users\\b-tho\\Documents\\Workspace\\tl-stratlas\\react-leaflet\\src\\utils\\pick.js","statementMap":{"0":{"start":{"line":4,"column":2},"end":{"line":9,"column":8}},"1":{"start":{"line":5,"column":4},"end":{"line":7,"column":5}},"2":{"start":{"line":6,"column":6},"end":{"line":6,"column":28}},"3":{"start":{"line":8,"column":4},"end":{"line":8,"column":14}}},"fnMap":{"0":{"name":"pick","decl":{"start":{"line":3,"column":24},"end":{"line":3,"column":28}},"loc":{"start":{"line":3,"column":74},"end":{"line":10,"column":1}},"line":3},"1":{"name":"(anonymous_1)","decl":{"start":{"line":4,"column":21},"end":{"line":4,"column":22}},"loc":{"start":{"line":4,"column":35},"end":{"line":9,"column":3}},"line":4}},"branchMap":{"0":{"loc":{"start":{"line":5,"column":4},"end":{"line":7,"column":5}},"type":"if","locations":[{"start":{"line":5,"column":4},"end":{"line":7,"column":5}},{"start":{"line":5,"column":4},"end":{"line":7,"column":5}}],"line":5}},"s":{"0":0,"1":0,"2":0,"3":0},"f":{"0":0,"1":0},"b":{"0":[0,0]},"_coverageSchema":"43e27e138ebf9cfc5966b082cf9a028302ed4184","hash":"7099225127bfd73183d821008db5b29a6298400f"}
,"C:\\Users\\b-tho\\Documents\\Workspace\\tl-stratlas\\react-leaflet\\src\\utils\\updateClassName.js": {"path":"C:\\Users\\b-tho\\Documents\\Workspace\\tl-stratlas\\react-leaflet\\src\\utils\\updateClassName.js","statementMap":{"0":{"start":{"line":5,"column":23},"end":{"line":7,"column":1}},"1":{"start":{"line":6,"column":2},"end":{"line":6,"column":45}},"2":{"start":{"line":9,"column":28},"end":{"line":13,"column":1}},"3":{"start":{"line":10,"column":2},"end":{"line":12,"column":4}},"4":{"start":{"line":11,"column":4},"end":{"line":11,"column":36}},"5":{"start":{"line":15,"column":31},"end":{"line":19,"column":1}},"6":{"start":{"line":16,"column":2},"end":{"line":18,"column":4}},"7":{"start":{"line":17,"column":4},"end":{"line":17,"column":39}},"8":{"start":{"line":26,"column":2},"end":{"line":33,"column":3}},"9":{"start":{"line":27,"column":4},"end":{"line":29,"column":5}},"10":{"start":{"line":28,"column":6},"end":{"line":28,"column":47}},"11":{"start":{"line":30,"column":4},"end":{"line":32,"column":5}},"12":{"start":{"line":31,"column":6},"end":{"line":31,"column":44}}},"fnMap":{"0":{"name":"(anonymous_0)","decl":{"start":{"line":5,"column":23},"end":{"line":5,"column":24}},"loc":{"start":{"line":5,"column":66},"end":{"line":7,"column":1}},"line":5},"1":{"name":"(anonymous_1)","decl":{"start":{"line":9,"column":28},"end":{"line":9,"column":29}},"loc":{"start":{"line":9,"column":75},"end":{"line":13,"column":1}},"line":9},"2":{"name":"(anonymous_2)","decl":{"start":{"line":10,"column":36},"end":{"line":10,"column":37}},"loc":{"start":{"line":10,"column":43},"end":{"line":12,"column":3}},"line":10},"3":{"name":"(anonymous_3)","decl":{"start":{"line":15,"column":31},"end":{"line":15,"column":32}},"loc":{"start":{"line":15,"column":78},"end":{"line":19,"column":1}},"line":15},"4":{"name":"(anonymous_4)","decl":{"start":{"line":16,"column":36},"end":{"line":16,"column":37}},"loc":{"start":{"line":16,"column":43},"end":{"line":18,"column":3}},"line":16},"5":{"name":"(anonymous_5)","decl":{"start":{"line":21,"column":15},"end":{"line":21,"column":16}},"loc":{"start":{"line":25,"column":5},"end":{"line":34,"column":1}},"line":25}},"branchMap":{"0":{"loc":{"start":{"line":5,"column":24},"end":{"line":5,"column":46}},"type":"default-arg","locations":[{"start":{"line":5,"column":44},"end":{"line":5,"column":46}}],"line":5},"1":{"loc":{"start":{"line":26,"column":2},"end":{"line":33,"column":3}},"type":"if","locations":[{"start":{"line":26,"column":2},"end":{"line":33,"column":3}},{"start":{"line":26,"column":2},"end":{"line":33,"column":3}}],"line":26},"2":{"loc":{"start":{"line":26,"column":6},"end":{"line":26,"column":58}},"type":"binary-expr","locations":[{"start":{"line":26,"column":6},"end":{"line":26,"column":23}},{"start":{"line":26,"column":27},"end":{"line":26,"column":58}}],"line":26},"3":{"loc":{"start":{"line":27,"column":4},"end":{"line":29,"column":5}},"type":"if","locations":[{"start":{"line":27,"column":4},"end":{"line":29,"column":5}},{"start":{"line":27,"column":4},"end":{"line":29,"column":5}}],"line":27},"4":{"loc":{"start":{"line":27,"column":8},"end":{"line":27,"column":57}},"type":"binary-expr","locations":[{"start":{"line":27,"column":8},"end":{"line":27,"column":29}},{"start":{"line":27,"column":33},"end":{"line":27,"column":57}}],"line":27},"5":{"loc":{"start":{"line":30,"column":4},"end":{"line":32,"column":5}},"type":"if","locations":[{"start":{"line":30,"column":4},"end":{"line":32,"column":5}},{"start":{"line":30,"column":4},"end":{"line":32,"column":5}}],"line":30},"6":{"loc":{"start":{"line":30,"column":8},"end":{"line":30,"column":57}},"type":"binary-expr","locations":[{"start":{"line":30,"column":8},"end":{"line":30,"column":29}},{"start":{"line":30,"column":33},"end":{"line":30,"column":57}}],"line":30}},"s":{"0":5,"1":0,"2":5,"3":0,"4":0,"5":5,"6":0,"7":0,"8":15,"9":0,"10":0,"11":0,"12":0},"f":{"0":0,"1":0,"2":0,"3":0,"4":0,"5":15},"b":{"0":[0],"1":[0,15],"2":[15,15],"3":[0,0],"4":[0,0],"5":[0,0],"6":[0,0]},"_coverageSchema":"43e27e138ebf9cfc5966b082cf9a028302ed4184","hash":"a6d1243603550ef1d03d0706d4eb3359c1b85b01"}
}
