TN:
SF:C:\Users\b-tho\Documents\Workspace\tl-stratlas\react-leaflet\src\AttributionControl.js
FN:15,(anonymous_0)
FNF:1
FNH:0
FNDA:0,(anonymous_0)
DA:16,0
LF:1
LH:0
BRF:0
BRH:0
end_of_record
TN:
SF:C:\Users\b-tho\Documents\Workspace\tl-stratlas\react-leaflet\src\Circle.js
FN:18,(anonymous_0)
FN:23,(anonymous_1)
FNF:2
FNH:0
FNDA:0,(anonymous_0)
FNDA:0,(anonymous_1)
DA:19,0
DA:20,0
DA:24,0
DA:25,0
DA:27,0
DA:28,0
LF:6
LH:0
BRDA:24,0,0,0
BRDA:24,0,1,0
BRDA:27,1,0,0
BRDA:27,1,1,0
BRF:4
BRH:0
end_of_record
TN:
SF:C:\Users\b-tho\Documents\Workspace\tl-stratlas\react-leaflet\src\CircleMarker.js
FN:16,(anonymous_0)
FN:22,(anonymous_1)
FNF:2
FNH:0
FNDA:0,(anonymous_0)
FNDA:0,(anonymous_1)
DA:17,0
DA:18,0
DA:19,0
DA:23,0
DA:24,0
DA:26,0
DA:27,0
LF:7
LH:0
BRDA:23,0,0,0
BRDA:23,0,1,0
BRDA:26,1,0,0
BRDA:26,1,1,0
BRF:4
BRH:0
end_of_record
TN:
SF:C:\Users\b-tho\Documents\Workspace\tl-stratlas\react-leaflet\src\DivOverlay.js
FN:20,(anonymous_0)
FN:25,(anonymous_1)
FN:29,(anonymous_2)
FN:31,(anonymous_3)
FN:46,(anonymous_4)
FN:52,(anonymous_5)
FN:59,(anonymous_6)
FN:61,(anonymous_7)
FNF:8
FNH:2
FNDA:2,(anonymous_0)
FNDA:0,(anonymous_1)
FNDA:0,(anonymous_2)
FNDA:0,(anonymous_3)
FNDA:0,(anonymous_4)
FNDA:0,(anonymous_5)
FNDA:0,(anonymous_6)
FNDA:2,(anonymous_7)
DA:21,2
DA:22,2
DA:26,0
DA:32,0
DA:38,0
DA:40,0
DA:41,0
DA:42,0
DA:46,2
DA:47,0
DA:48,0
DA:52,2
DA:53,0
DA:54,0
DA:55,0
DA:62,2
DA:63,0
DA:65,2
LF:18
LH:6
BRDA:40,0,0,0
BRDA:40,0,1,0
BRDA:47,1,0,0
BRDA:47,1,1,0
BRDA:54,2,0,0
BRDA:54,2,1,0
BRDA:62,3,0,0
BRDA:62,3,1,2
BRF:8
BRH:1
end_of_record
TN:
SF:C:\Users\b-tho\Documents\Workspace\tl-stratlas\react-leaflet\src\FeatureGroup.js
FN:13,(anonymous_0)
FN:23,(anonymous_1)
FNF:2
FNH:0
FNDA:0,(anonymous_0)
FNDA:0,(anonymous_1)
DA:14,0
DA:15,0
DA:20,0
DA:24,0
DA:25,0
LF:5
LH:0
BRF:0
BRH:0
end_of_record
TN:
SF:C:\Users\b-tho\Documents\Workspace\tl-stratlas\react-leaflet\src\GeoJSON.js
FN:23,(anonymous_0)
FN:27,(anonymous_1)
FNF:2
FNH:0
FNDA:0,(anonymous_0)
FNDA:0,(anonymous_1)
DA:24,0
DA:28,0
DA:29,0
DA:31,0
LF:4
LH:0
BRDA:28,0,0,0
BRDA:28,0,1,0
BRF:2
BRH:0
end_of_record
TN:
SF:C:\Users\b-tho\Documents\Workspace\tl-stratlas\react-leaflet\src\GridLayer.js
FN:12,(anonymous_0)
FN:16,(anonymous_1)
FN:26,(anonymous_2)
FN:39,(anonymous_3)
FNF:4
FNH:3
FNDA:0,(anonymous_0)
FNDA:1,(anonymous_1)
FNDA:3,(anonymous_2)
FNDA:4,(anonymous_3)
DA:13,0
DA:17,1
DA:18,1
DA:19,0
DA:21,1
DA:22,0
DA:27,3
DA:28,3
DA:40,4
LF:9
LH:6
BRDA:18,0,0,0
BRDA:18,0,1,1
BRDA:21,1,0,0
BRDA:21,1,1,1
BRDA:28,2,0,0
BRDA:28,2,1,3
BRF:6
BRH:3
end_of_record
TN:
SF:C:\Users\b-tho\Documents\Workspace\tl-stratlas\react-leaflet\src\ImageOverlay.js
FN:19,(anonymous_0)
FN:29,(anonymous_1)
FNF:2
FNH:0
FNDA:0,(anonymous_0)
FNDA:0,(anonymous_1)
DA:20,0
DA:25,0
DA:26,0
DA:30,0
DA:31,0
DA:33,0
DA:34,0
DA:36,0
DA:37,0
DA:39,0
DA:40,0
LF:11
LH:0
BRDA:30,0,0,0
BRDA:30,0,1,0
BRDA:33,1,0,0
BRDA:33,1,1,0
BRDA:36,2,0,0
BRDA:36,2,1,0
BRDA:39,3,0,0
BRDA:39,3,1,0
BRF:8
BRH:0
end_of_record
TN:
SF:C:\Users\b-tho\Documents\Workspace\tl-stratlas\react-leaflet\src\LayerGroup.js
FN:13,(anonymous_0)
FNF:1
FNH:0
FNDA:0,(anonymous_0)
DA:14,0
DA:15,0
DA:16,0
LF:3
LH:0
BRF:0
BRH:0
end_of_record
TN:
SF:C:\Users\b-tho\Documents\Workspace\tl-stratlas\react-leaflet\src\LayersControl.js
FN:38,(anonymous_0)
FN:53,(anonymous_1)
FN:57,(anonymous_2)
FN:61,(anonymous_3)
FN:65,(anonymous_4)
FN:74,(anonymous_5)
FN:85,(anonymous_6)
FN:93,(anonymous_7)
FN:104,(anonymous_8)
FN:125,(anonymous_9)
FN:136,(anonymous_10)
FN:141,(anonymous_11)
FN:155,(anonymous_12)
FN:156,(anonymous_13)
FN:161,(anonymous_14)
FN:168,(anonymous_15)
FN:175,(anonymous_16)
FN:181,(anonymous_17)
FN:185,(anonymous_18)
FN:186,(anonymous_19)
FNF:20
FNH:6
FNDA:0,(anonymous_0)
FNDA:0,(anonymous_1)
FNDA:0,(anonymous_2)
FNDA:0,(anonymous_3)
FNDA:1,(anonymous_4)
FNDA:0,(anonymous_5)
FNDA:0,(anonymous_6)
FNDA:1,(anonymous_7)
FNDA:0,(anonymous_8)
FNDA:1,(anonymous_9)
FNDA:1,(anonymous_10)
FNDA:0,(anonymous_11)
FNDA:0,(anonymous_12)
FNDA:0,(anonymous_13)
FNDA:0,(anonymous_14)
FNDA:0,(anonymous_15)
FNDA:0,(anonymous_16)
FNDA:0,(anonymous_17)
FNDA:1,(anonymous_18)
FNDA:1,(anonymous_19)
DA:39,0
DA:40,0
DA:43,0
DA:44,0
DA:45,0
DA:49,0
DA:54,0
DA:58,0
DA:62,0
DA:66,1
DA:67,1
DA:75,0
DA:76,0
DA:85,0
DA:86,0
DA:87,0
DA:88,0
DA:94,1
DA:95,1
DA:104,1
DA:105,0
DA:106,0
DA:107,0
DA:126,1
DA:127,1
DA:137,1
DA:138,1
DA:145,0
DA:146,0
DA:147,0
DA:148,0
DA:150,0
DA:156,0
DA:157,0
DA:162,0
DA:163,0
DA:165,0
DA:169,0
DA:170,0
DA:172,0
DA:176,0
DA:177,0
DA:182,0
DA:186,1
DA:187,1
DA:189,1
DA:193,4
DA:195,4
DA:196,4
LF:49
LH:15
BRDA:39,0,0,0
BRDA:39,0,1,0
BRDA:43,1,0,0
BRDA:43,1,1,0
BRDA:43,2,0,0
BRDA:43,2,1,0
BRDA:43,2,2,0
BRDA:45,3,0,0
BRDA:45,3,1,0
BRDA:46,4,0,0
BRDA:46,4,1,0
BRDA:46,4,2,0
BRDA:67,5,0,1
BRDA:67,5,1,0
BRDA:146,6,0,0
BRDA:146,6,1,0
BRDA:147,7,0,0
BRDA:147,7,1,0
BRDA:161,8,0,0
BRDA:162,9,0,0
BRDA:162,9,1,0
BRDA:162,10,0,0
BRDA:162,10,1,0
BRDA:168,11,0,0
BRDA:169,12,0,0
BRDA:169,12,1,0
BRDA:169,13,0,0
BRDA:169,13,1,0
BRDA:176,14,0,0
BRDA:176,14,1,0
BRDA:187,15,0,1
BRDA:187,15,1,0
BRF:32
BRH:2
end_of_record
TN:
SF:C:\Users\b-tho\Documents\Workspace\tl-stratlas\react-leaflet\src\Map.js
FN:32,(anonymous_0)
FN:111,(anonymous_1)
FN:116,(anonymous_2)
FN:129,(anonymous_3)
FN:252,(anonymous_4)
FN:263,(anonymous_5)
FN:269,(anonymous_6)
FN:289,(anonymous_7)
FN:301,(anonymous_8)
FN:317,(anonymous_9)
FN:321,(anonymous_10)
FN:328,(anonymous_11)
FN:332,(anonymous_12)
FNF:13
FNH:11
FNDA:14,(anonymous_0)
FNDA:12,(anonymous_1)
FNDA:11,(anonymous_2)
FNDA:15,(anonymous_3)
FNDA:0,(anonymous_4)
FNDA:0,(anonymous_5)
FNDA:11,(anonymous_6)
FNDA:15,(anonymous_7)
FNDA:1,(anonymous_8)
FNDA:12,(anonymous_9)
FNDA:7,(anonymous_10)
FNDA:6,(anonymous_11)
FNDA:27,(anonymous_12)
DA:23,5
DA:32,5
DA:33,14
DA:103,12
DA:108,12
DA:109,12
DA:112,12
DA:113,12
DA:117,11
DA:118,11
DA:119,1
DA:120,1
DA:122,1
DA:123,1
DA:126,11
DA:130,15
DA:149,15
DA:151,15
DA:153,15
DA:154,1
DA:155,1
DA:156,1
DA:157,0
DA:159,1
DA:161,14
DA:162,1
DA:163,0
DA:165,1
DA:167,13
DA:168,0
DA:169,0
DA:171,0
DA:175,15
DA:176,0
DA:179,15
DA:184,2
DA:185,0
DA:187,2
DA:191,15
DA:192,0
DA:193,0
DA:195,0
DA:199,15
DA:200,0
DA:201,0
DA:203,0
DA:207,15
DA:208,0
DA:209,0
DA:211,0
DA:215,15
DA:216,0
DA:217,0
DA:219,0
DA:223,15
DA:224,0
DA:225,0
DA:226,0
DA:228,0
DA:232,15
DA:233,0
DA:234,0
DA:236,0
DA:240,15
DA:241,0
DA:242,0
DA:243,0
DA:245,0
DA:249,15
DA:252,12
DA:253,0
DA:254,0
DA:258,0
DA:259,0
DA:263,12
DA:264,0
DA:265,0
DA:270,11
DA:271,11
DA:273,11
DA:274,11
DA:276,11
DA:277,4
DA:280,11
DA:285,11
DA:286,11
DA:290,15
DA:291,11
DA:292,11
DA:293,0
DA:297,15
DA:298,15
DA:302,1
DA:304,1
DA:305,1
DA:309,1
DA:310,0
DA:311,0
DA:313,1
DA:317,12
DA:318,12
DA:322,7
DA:323,7
DA:324,7
DA:325,7
DA:329,6
DA:333,27
LF:107
LH:68
BRDA:33,0,0,14
BRDA:33,0,1,0
BRDA:35,1,0,0
BRDA:35,1,1,0
BRDA:118,2,0,1
BRDA:118,2,1,10
BRDA:119,3,0,1
BRDA:119,3,1,0
BRDA:122,4,0,1
BRDA:122,4,1,0
BRDA:153,5,0,1
BRDA:153,5,1,14
BRDA:153,6,0,15
BRDA:153,6,1,2
BRDA:154,7,0,1
BRDA:154,7,1,0
BRDA:155,8,0,0
BRDA:155,8,1,1
BRDA:156,9,0,0
BRDA:156,9,1,1
BRDA:161,10,0,1
BRDA:161,10,1,13
BRDA:161,11,0,14
BRDA:161,11,1,7
BRDA:162,12,0,0
BRDA:162,12,1,1
BRDA:167,13,0,0
BRDA:167,13,1,13
BRDA:167,14,0,13
BRDA:167,14,1,6
BRDA:168,15,0,0
BRDA:168,15,1,0
BRDA:175,16,0,0
BRDA:175,16,1,15
BRDA:175,17,0,15
BRDA:175,17,1,0
BRDA:179,18,0,2
BRDA:179,18,1,13
BRDA:180,19,0,15
BRDA:180,19,1,6
BRDA:180,19,2,4
BRDA:184,20,0,0
BRDA:184,20,1,2
BRDA:191,21,0,0
BRDA:191,21,1,15
BRDA:192,22,0,0
BRDA:192,22,1,0
BRDA:199,23,0,0
BRDA:199,23,1,15
BRDA:200,24,0,0
BRDA:200,24,1,0
BRDA:207,25,0,0
BRDA:207,25,1,15
BRDA:208,26,0,0
BRDA:208,26,1,0
BRDA:215,27,0,0
BRDA:215,27,1,15
BRDA:216,28,0,0
BRDA:216,28,1,0
BRDA:223,29,0,0
BRDA:223,29,1,15
BRDA:224,30,0,0
BRDA:224,30,1,0
BRDA:224,31,0,0
BRDA:224,31,1,0
BRDA:232,32,0,0
BRDA:232,32,1,15
BRDA:233,33,0,0
BRDA:233,33,1,0
BRDA:240,34,0,0
BRDA:240,34,1,15
BRDA:241,35,0,0
BRDA:241,35,1,0
BRDA:241,36,0,0
BRDA:241,36,1,0
BRDA:255,37,0,0
BRDA:255,37,1,0
BRDA:258,38,0,0
BRDA:258,38,1,0
BRDA:258,39,0,0
BRDA:258,39,1,0
BRDA:264,40,0,0
BRDA:264,40,1,0
BRDA:264,41,0,0
BRDA:264,41,1,0
BRDA:276,42,0,4
BRDA:276,42,1,7
BRDA:290,43,0,11
BRDA:290,43,1,4
BRDA:292,44,0,0
BRDA:292,44,1,11
BRDA:309,45,0,0
BRDA:309,45,1,1
BRDA:322,46,0,0
BRDA:322,46,1,7
BRDA:325,47,0,7
BRDA:325,47,1,6
BRDA:329,48,0,6
BRDA:329,48,1,0
BRDA:339,49,0,15
BRDA:339,49,1,12
BRF:101
BRH:47
end_of_record
TN:
SF:C:\Users\b-tho\Documents\Workspace\tl-stratlas\react-leaflet\src\MapComponent.js
FN:10,(anonymous_0)
FNF:1
FNH:1
FNDA:6,(anonymous_0)
DA:11,6
DA:12,2
DA:14,4
DA:15,0
DA:17,4
LF:5
LH:4
BRDA:11,0,0,2
BRDA:11,0,1,4
BRDA:14,1,0,0
BRDA:14,1,1,4
BRDA:14,2,0,4
BRDA:14,2,1,4
BRF:6
BRH:5
end_of_record
TN:
SF:C:\Users\b-tho\Documents\Workspace\tl-stratlas\react-leaflet\src\MapControl.js
FN:14,(anonymous_0)
FN:19,(anonymous_1)
FN:23,(anonymous_2)
FN:29,(anonymous_3)
FN:33,(anonymous_4)
FN:37,(anonymous_5)
FN:41,(anonymous_6)
FNF:7
FNH:2
FNDA:1,(anonymous_0)
FNDA:0,(anonymous_1)
FNDA:0,(anonymous_2)
FNDA:1,(anonymous_3)
FNDA:0,(anonymous_4)
FNDA:0,(anonymous_5)
FNDA:0,(anonymous_6)
DA:15,1
DA:16,1
DA:20,0
DA:24,0
DA:25,0
DA:30,1
DA:34,0
DA:38,0
DA:42,0
LF:9
LH:3
BRDA:24,0,0,0
BRDA:24,0,1,0
BRF:2
BRH:0
end_of_record
TN:
SF:C:\Users\b-tho\Documents\Workspace\tl-stratlas\react-leaflet\src\MapEvented.js
FN:18,(anonymous_0)
FN:23,(anonymous_1)
FN:27,(anonymous_2)
FN:34,(anonymous_3)
FN:38,(anonymous_4)
FN:43,(anonymous_5)
FN:44,(anonymous_6)
FN:47,(anonymous_7)
FN:55,(anonymous_8)
FN:63,(anonymous_9)
FN:70,(anonymous_10)
FN:80,(anonymous_11)
FNF:12
FNH:11
FNDA:23,(anonymous_0)
FNDA:20,(anonymous_1)
FNDA:18,(anonymous_2)
FNDA:2,(anonymous_3)
FNDA:0,(anonymous_4)
FNDA:41,(anonymous_5)
FNDA:73,(anonymous_6)
FNDA:4,(anonymous_7)
FNDA:38,(anonymous_8)
FNDA:2,(anonymous_9)
FNDA:4,(anonymous_10)
FNDA:5,(anonymous_11)
DA:6,6
DA:19,23
DA:20,23
DA:24,20
DA:28,18
DA:35,2
DA:36,2
DA:38,2
DA:39,0
DA:44,41
DA:45,73
DA:46,4
DA:47,4
DA:48,4
DA:51,73
DA:59,38
DA:60,38
DA:62,36
DA:63,36
DA:64,2
DA:65,2
DA:66,2
DA:70,36
DA:71,4
DA:72,4
DA:73,4
DA:77,36
DA:81,5
DA:82,5
LF:29
LH:28
BRDA:36,0,0,0
BRDA:36,0,1,2
BRDA:45,1,0,4
BRDA:45,1,1,69
BRDA:46,2,0,4
BRDA:46,2,1,0
BRDA:56,3,0,0
BRDA:57,4,0,20
BRDA:60,5,0,2
BRDA:60,5,1,36
BRDA:60,6,0,38
BRDA:60,6,1,38
BRDA:64,7,0,2
BRDA:64,7,1,0
BRDA:64,8,0,2
BRDA:64,8,1,1
BRDA:71,9,0,4
BRDA:71,9,1,0
BRDA:71,10,0,4
BRDA:71,10,1,1
BRDA:82,11,0,5
BRDA:82,11,1,0
BRF:22
BRH:16
end_of_record
TN:
SF:C:\Users\b-tho\Documents\Workspace\tl-stratlas\react-leaflet\src\MapLayer.js
FN:17,(anonymous_0)
FN:22,(anonymous_1)
FN:26,(anonymous_2)
FN:30,(anonymous_3)
FN:32,(anonymous_4)
FN:37,(anonymous_5)
FN:51,(anonymous_6)
FN:56,(anonymous_7)
FNF:8
FNH:5
FNDA:5,(anonymous_0)
FNDA:5,(anonymous_1)
FNDA:0,(anonymous_2)
FNDA:0,(anonymous_3)
FNDA:5,(anonymous_4)
FNDA:1,(anonymous_5)
FNDA:0,(anonymous_6)
FNDA:1,(anonymous_7)
DA:18,5
DA:19,5
DA:23,5
DA:27,0
DA:33,5
DA:34,5
DA:38,1
DA:40,1
DA:41,0
DA:42,0
DA:43,0
DA:44,0
DA:48,1
DA:52,0
DA:53,0
DA:57,1
DA:58,1
DA:59,0
DA:61,1
LF:19
LH:11
BRDA:23,0,0,5
BRDA:23,0,1,0
BRDA:40,1,0,0
BRDA:40,1,1,1
BRDA:42,2,0,0
BRDA:42,2,1,0
BRDA:42,3,0,0
BRDA:42,3,1,0
BRDA:58,4,0,0
BRDA:58,4,1,1
BRDA:61,5,0,0
BRDA:61,5,1,1
BRF:12
BRH:4
end_of_record
TN:
SF:C:\Users\b-tho\Documents\Workspace\tl-stratlas\react-leaflet\src\Marker.js
FN:20,(anonymous_0)
FN:26,(anonymous_1)
FN:48,(anonymous_2)
FNF:3
FNH:2
FNDA:1,(anonymous_0)
FNDA:0,(anonymous_1)
FNDA:1,(anonymous_2)
DA:21,1
DA:22,1
DA:23,1
DA:27,0
DA:28,0
DA:30,0
DA:31,0
DA:33,0
DA:34,0
DA:36,0
DA:37,0
DA:39,0
DA:40,0
DA:41,0
DA:43,0
DA:49,1
DA:50,1
LF:17
LH:5
BRDA:27,0,0,0
BRDA:27,0,1,0
BRDA:30,1,0,0
BRDA:30,1,1,0
BRDA:33,2,0,0
BRDA:33,2,1,0
BRDA:36,3,0,0
BRDA:36,3,1,0
BRDA:39,4,0,0
BRDA:39,4,1,0
BRDA:40,5,0,0
BRDA:40,5,1,0
BRDA:50,6,0,1
BRDA:50,6,1,0
BRDA:50,7,0,1
BRDA:50,7,1,0
BRF:16
BRH:2
end_of_record
TN:
SF:C:\Users\b-tho\Documents\Workspace\tl-stratlas\react-leaflet\src\Pane.js
FN:13,(anonymous_0)
FN:27,(anonymous_1)
FN:59,(anonymous_2)
FN:63,(anonymous_3)
FN:90,(anonymous_4)
FN:94,(anonymous_5)
FN:118,(anonymous_6)
FN:133,(anonymous_7)
FN:143,(anonymous_8)
FN:150,(anonymous_9)
FN:154,(anonymous_10)
FN:160,(anonymous_11)
FNF:12
FNH:0
FNDA:0,(anonymous_0)
FNDA:0,(anonymous_1)
FNDA:0,(anonymous_2)
FNDA:0,(anonymous_3)
FNDA:0,(anonymous_4)
FNDA:0,(anonymous_5)
FNDA:0,(anonymous_6)
FNDA:0,(anonymous_7)
FNDA:0,(anonymous_8)
FNDA:0,(anonymous_9)
FNDA:0,(anonymous_10)
FNDA:0,(anonymous_11)
DA:12,4
DA:13,4
DA:15,4
DA:25,4
DA:27,4
DA:28,0
DA:31,4
DA:54,0
DA:60,0
DA:64,0
DA:67,0
DA:72,0
DA:73,0
DA:74,0
DA:78,0
DA:79,0
DA:80,0
DA:81,0
DA:86,0
DA:91,0
DA:95,0
DA:96,0
DA:98,0
DA:99,0
DA:100,0
DA:102,0
DA:103,0
DA:105,0
DA:108,0
DA:111,0
DA:120,0
DA:121,0
DA:122,0
DA:123,0
DA:125,0
DA:126,0
DA:127,0
DA:128,0
DA:133,0
DA:134,0
DA:135,0
DA:136,0
DA:137,0
DA:139,0
DA:143,0
DA:144,0
DA:151,0
DA:155,0
DA:156,0
DA:161,0
DA:162,0
LF:51
LH:6
BRDA:64,0,0,0
BRDA:64,0,1,0
BRDA:72,1,0,0
BRDA:72,1,1,0
BRDA:78,2,0,0
BRDA:78,2,1,0
BRDA:78,3,0,0
BRDA:78,3,1,0
BRDA:80,4,0,0
BRDA:80,4,1,0
BRDA:80,5,0,0
BRDA:80,5,1,0
BRDA:96,6,0,0
BRDA:96,6,1,0
BRDA:98,7,0,0
BRDA:98,7,1,0
BRDA:98,8,0,0
BRDA:98,8,1,0
BRDA:100,9,0,0
BRDA:100,9,1,0
BRDA:102,10,0,0
BRDA:102,10,1,0
BRDA:105,11,0,0
BRDA:105,11,1,0
BRDA:121,12,0,0
BRDA:121,12,1,0
BRDA:123,13,0,0
BRDA:123,13,1,0
BRDA:123,14,0,0
BRDA:123,14,1,0
BRDA:126,15,0,0
BRDA:126,15,1,0
BRDA:126,16,0,0
BRDA:126,16,1,0
BRDA:133,17,0,0
BRDA:135,18,0,0
BRDA:135,18,1,0
BRDA:136,19,0,0
BRDA:136,19,1,0
BRDA:139,20,0,0
BRDA:139,20,1,0
BRDA:151,21,0,0
BRDA:151,21,1,0
BRDA:155,22,0,0
BRDA:155,22,1,0
BRDA:155,23,0,0
BRDA:155,23,1,0
BRDA:162,24,0,0
BRDA:162,24,1,0
BRF:49
BRH:0
end_of_record
TN:
SF:C:\Users\b-tho\Documents\Workspace\tl-stratlas\react-leaflet\src\Path.js
FN:37,(anonymous_0)
FN:47,(anonymous_1)
FN:52,(anonymous_2)
FN:56,(anonymous_3)
FN:60,(anonymous_4)
FNF:5
FNH:0
FNDA:0,(anonymous_0)
FNDA:0,(anonymous_1)
FNDA:0,(anonymous_2)
FNDA:0,(anonymous_3)
FNDA:0,(anonymous_4)
DA:10,4
DA:38,0
DA:39,0
DA:40,0
DA:48,0
DA:49,0
DA:53,0
DA:57,0
DA:61,0
DA:62,0
DA:63,0
LF:11
LH:1
BRDA:39,0,0,0
BRDA:39,0,1,0
BRDA:56,1,0,0
BRDA:62,2,0,0
BRDA:62,2,1,0
BRF:5
BRH:0
end_of_record
TN:
SF:C:\Users\b-tho\Documents\Workspace\tl-stratlas\react-leaflet\src\Polygon.js
FN:15,(anonymous_0)
FN:19,(anonymous_1)
FNF:2
FNH:0
FNDA:0,(anonymous_0)
FNDA:0,(anonymous_1)
DA:16,0
DA:20,0
DA:21,0
DA:23,0
LF:4
LH:0
BRDA:20,0,0,0
BRDA:20,0,1,0
BRF:2
BRH:0
end_of_record
TN:
SF:C:\Users\b-tho\Documents\Workspace\tl-stratlas\react-leaflet\src\Polyline.js
FN:15,(anonymous_0)
FN:19,(anonymous_1)
FNF:2
FNH:0
FNDA:0,(anonymous_0)
FNDA:0,(anonymous_1)
DA:16,0
DA:20,0
DA:21,0
DA:23,0
LF:4
LH:0
BRDA:20,0,0,0
BRDA:20,0,1,0
BRF:2
BRH:0
end_of_record
TN:
SF:C:\Users\b-tho\Documents\Workspace\tl-stratlas\react-leaflet\src\Popup.js
FN:20,(anonymous_0)
FN:27,(anonymous_1)
FN:33,(anonymous_2)
FN:39,(anonymous_3)
FN:63,(anonymous_4)
FN:77,(anonymous_5)
FN:83,(anonymous_6)
FN:89,(anonymous_7)
FNF:8
FNH:4
FNDA:2,(anonymous_0)
FNDA:2,(anonymous_1)
FNDA:0,(anonymous_2)
FNDA:2,(anonymous_3)
FNDA:1,(anonymous_4)
FNDA:0,(anonymous_5)
FNDA:0,(anonymous_6)
FNDA:0,(anonymous_7)
DA:16,4
DA:21,2
DA:28,2
DA:29,2
DA:30,2
DA:34,0
DA:35,0
DA:40,2
DA:41,2
DA:42,2
DA:44,2
DA:45,2
DA:51,2
DA:53,0
DA:56,2
DA:57,2
DA:59,2
DA:64,1
DA:66,1
DA:67,1
DA:71,1
DA:74,1
DA:77,2
DA:78,0
DA:79,0
DA:83,2
DA:84,0
DA:85,0
DA:89,2
DA:90,0
DA:91,0
DA:92,0
DA:94,0
LF:33
LH:22
BRDA:34,0,0,0
BRDA:34,0,1,0
BRDA:44,1,0,2
BRDA:44,1,1,0
BRDA:51,2,0,0
BRDA:51,2,1,2
BRDA:56,3,0,2
BRDA:56,3,1,0
BRDA:66,4,0,1
BRDA:66,4,1,0
BRDA:78,5,0,0
BRDA:78,5,1,0
BRDA:84,6,0,0
BRDA:84,6,1,0
BRDA:90,7,0,0
BRDA:90,7,1,0
BRDA:90,8,0,0
BRDA:90,8,1,0
BRDA:91,9,0,0
BRDA:91,9,1,0
BRDA:91,10,0,0
BRDA:91,10,1,0
BRF:22
BRH:4
end_of_record
TN:
SF:C:\Users\b-tho\Documents\Workspace\tl-stratlas\react-leaflet\src\Rectangle.js
FN:13,(anonymous_0)
FN:17,(anonymous_1)
FNF:2
FNH:0
FNDA:0,(anonymous_0)
FNDA:0,(anonymous_1)
DA:14,0
DA:18,0
DA:19,0
DA:21,0
LF:4
LH:0
BRDA:18,0,0,0
BRDA:18,0,1,0
BRF:2
BRH:0
end_of_record
TN:
SF:C:\Users\b-tho\Documents\Workspace\tl-stratlas\react-leaflet\src\ScaleControl.js
FN:18,(anonymous_0)
FNF:1
FNH:0
FNDA:0,(anonymous_0)
DA:19,0
LF:1
LH:0
BRF:0
BRH:0
end_of_record
TN:
SF:C:\Users\b-tho\Documents\Workspace\tl-stratlas\react-leaflet\src\TileLayer.js
FN:13,(anonymous_0)
FN:17,(anonymous_1)
FNF:2
FNH:2
FNDA:3,(anonymous_0)
FNDA:1,(anonymous_1)
DA:14,3
DA:18,1
DA:19,1
DA:20,0
LF:4
LH:3
BRDA:19,0,0,0
BRDA:19,0,1,1
BRF:2
BRH:1
end_of_record
TN:
SF:C:\Users\b-tho\Documents\Workspace\tl-stratlas\react-leaflet\src\Tooltip.js
FN:17,(anonymous_0)
FN:24,(anonymous_1)
FN:35,(anonymous_2)
FN:48,(anonymous_3)
FN:54,(anonymous_4)
FNF:5
FNH:0
FNDA:0,(anonymous_0)
FNDA:0,(anonymous_1)
FNDA:0,(anonymous_2)
FNDA:0,(anonymous_3)
FNDA:0,(anonymous_4)
DA:13,4
DA:18,0
DA:25,0
DA:26,0
DA:28,0
DA:32,0
DA:36,0
DA:37,0
DA:39,0
DA:43,0
DA:44,0
DA:48,0
DA:49,0
DA:50,0
DA:54,0
DA:55,0
DA:56,0
LF:17
LH:1
BRDA:26,0,0,0
BRDA:26,0,1,0
BRDA:37,1,0,0
BRDA:37,1,1,0
BRDA:43,2,0,0
BRDA:43,2,1,0
BRDA:49,3,0,0
BRDA:49,3,1,0
BRDA:55,4,0,0
BRDA:55,4,1,0
BRF:10
BRH:0
end_of_record
TN:
SF:C:\Users\b-tho\Documents\Workspace\tl-stratlas\react-leaflet\src\VideoOverlay.js
FN:20,(anonymous_0)
FN:28,(anonymous_1)
FN:35,(anonymous_2)
FNF:3
FNH:0
FNDA:0,(anonymous_0)
FNDA:0,(anonymous_1)
FNDA:0,(anonymous_2)
DA:21,0
DA:29,0
DA:30,0
DA:31,0
DA:36,0
DA:37,0
DA:39,0
DA:40,0
DA:42,0
DA:43,0
DA:45,0
DA:46,0
DA:49,0
DA:50,0
DA:52,0
DA:53,0
LF:16
LH:0
BRDA:30,0,0,0
BRDA:30,0,1,0
BRDA:36,1,0,0
BRDA:36,1,1,0
BRDA:39,2,0,0
BRDA:39,2,1,0
BRDA:42,3,0,0
BRDA:42,3,1,0
BRDA:45,4,0,0
BRDA:45,4,1,0
BRDA:49,5,0,0
BRDA:49,5,1,0
BRDA:49,6,0,0
BRDA:49,6,1,0
BRDA:52,7,0,0
BRDA:52,7,1,0
BRDA:52,8,0,0
BRDA:52,8,1,0
BRF:18
BRH:0
end_of_record
TN:
SF:C:\Users\b-tho\Documents\Workspace\tl-stratlas\react-leaflet\src\WMSTileLayer.js
FN:15,(anonymous_0)
FN:20,(anonymous_1)
FN:34,(anonymous_2)
FN:36,(anonymous_3)
FNF:4
FNH:0
FNDA:0,(anonymous_0)
FNDA:0,(anonymous_1)
FNDA:0,(anonymous_2)
FNDA:0,(anonymous_3)
DA:16,0
DA:17,0
DA:21,0
DA:23,0
DA:24,0
DA:26,0
DA:27,0
DA:29,0
DA:30,0
DA:35,0
DA:36,0
DA:37,0
DA:38,0
DA:40,0
LF:14
LH:0
BRDA:26,0,0,0
BRDA:26,0,1,0
BRDA:29,1,0,0
BRDA:29,1,1,0
BRDA:37,2,0,0
BRDA:37,2,1,0
BRF:6
BRH:0
end_of_record
TN:
SF:C:\Users\b-tho\Documents\Workspace\tl-stratlas\react-leaflet\src\ZoomControl.js
FN:18,(anonymous_0)
FNF:1
FNH:0
FNDA:0,(anonymous_0)
DA:19,0
LF:1
LH:0
BRF:0
BRH:0
end_of_record
TN:
SF:C:\Users\b-tho\Documents\Workspace\tl-stratlas\react-leaflet\src\context.js
FN:13,(anonymous_0)
FN:16,(anonymous_1)
FN:18,(anonymous_2)
FNF:3
FNH:3
FNDA:83,(anonymous_0)
FNDA:11,(anonymous_1)
FNDA:11,(anonymous_2)
DA:8,5
DA:10,5
DA:11,5
DA:13,5
DA:16,83
DA:17,11
DA:19,11
DA:25,83
DA:26,83
DA:28,83
DA:29,83
DA:31,83
LF:12
LH:12
BRDA:25,0,0,83
BRDA:25,0,1,83
BRDA:25,0,2,0
BRF:3
BRH:2
end_of_record
TN:
SF:C:\Users\b-tho\Documents\Workspace\tl-stratlas\react-leaflet\src\index.js
FNF:0
FNH:0
LF:0
LH:0
BRF:0
BRH:0
end_of_record
TN:
SF:C:\Users\b-tho\Documents\Workspace\tl-stratlas\react-leaflet\src\utils\omit.js
FN:3,omit
FN:7,(anonymous_1)
FNF:2
FNH:2
FNDA:11,omit
FNDA:20,(anonymous_1)
DA:7,11
DA:8,20
DA:9,15
DA:11,20
LF:4
LH:4
BRDA:8,0,0,15
BRDA:8,0,1,5
BRF:2
BRH:2
end_of_record
TN:
SF:C:\Users\b-tho\Documents\Workspace\tl-stratlas\react-leaflet\src\utils\pick.js
FN:3,pick
FN:4,(anonymous_1)
FNF:2
FNH:0
FNDA:0,pick
FNDA:0,(anonymous_1)
DA:4,0
DA:5,0
DA:6,0
DA:8,0
LF:4
LH:0
BRDA:5,0,0,0
BRDA:5,0,1,0
BRF:2
BRH:0
end_of_record
TN:
SF:C:\Users\b-tho\Documents\Workspace\tl-stratlas\react-leaflet\src\utils\updateClassName.js
FN:5,(anonymous_0)
FN:9,(anonymous_1)
FN:10,(anonymous_2)
FN:15,(anonymous_3)
FN:16,(anonymous_4)
FN:21,(anonymous_5)
FNF:6
FNH:1
FNDA:0,(anonymous_0)
FNDA:0,(anonymous_1)
FNDA:0,(anonymous_2)
FNDA:0,(anonymous_3)
FNDA:0,(anonymous_4)
FNDA:15,(anonymous_5)
DA:5,5
DA:6,0
DA:9,5
DA:10,0
DA:11,0
DA:15,5
DA:16,0
DA:17,0
DA:26,15
DA:27,0
DA:28,0
DA:30,0
DA:31,0
LF:13
LH:4
BRDA:5,0,0,0
BRDA:26,1,0,0
BRDA:26,1,1,15
BRDA:26,2,0,15
BRDA:26,2,1,15
BRDA:27,3,0,0
BRDA:27,3,1,0
BRDA:27,4,0,0
BRDA:27,4,1,0
BRDA:30,5,0,0
BRDA:30,5,1,0
BRDA:30,6,0,0
BRDA:30,6,1,0
BRF:13
BRH:3
end_of_record
